{"C:\\Users\\17654\\Desktop\\All\\Code\\Discord Bots\\PumpBot_v2\\commands\\logchop.js": {"path":"C:\\Users\\17654\\Desktop\\All\\Code\\Discord Bots\\PumpBot_v2\\commands\\logchop.js","statementMap":{"0":{"start":{"line":8,"column":4},"end":{"line":8,"column":25}},"1":{"start":{"line":9,"column":36},"end":{"line":9,"column":53}},"2":{"start":{"line":10,"column":11},"end":{"line":10,"column":36}},"3":{"start":{"line":11,"column":13},"end":{"line":11,"column":28}},"4":{"start":{"line":12,"column":11},"end":{"line":12,"column":24}},"5":{"start":{"line":15,"column":25},"end":{"line":15,"column":30}},"6":{"start":{"line":16,"column":21},"end":{"line":16,"column":24}},"7":{"start":{"line":17,"column":20},"end":{"line":17,"column":21}},"8":{"start":{"line":18,"column":21},"end":{"line":18,"column":24}},"9":{"start":{"line":19,"column":22},"end":{"line":19,"column":25}},"10":{"start":{"line":20,"column":19},"end":{"line":20,"column":45}},"11":{"start":{"line":21,"column":18},"end":{"line":21,"column":34}},"12":{"start":{"line":22,"column":19},"end":{"line":22,"column":21}},"13":{"start":{"line":23,"column":25},"end":{"line":23,"column":27}},"14":{"start":{"line":24,"column":27},"end":{"line":24,"column":29}},"15":{"start":{"line":25,"column":25},"end":{"line":25,"column":29}},"16":{"start":{"line":28,"column":20},"end":{"line":28,"column":29}},"17":{"start":{"line":70,"column":2},"end":{"line":70,"column":52}},"18":{"start":{"line":75,"column":17},"end":{"line":75,"column":33}},"19":{"start":{"line":76,"column":15},"end":{"line":85,"column":3}},"20":{"start":{"line":86,"column":2},"end":{"line":86,"column":32}},"21":{"start":{"line":87,"column":2},"end":{"line":87,"column":14}},"22":{"start":{"line":92,"column":2},"end":{"line":94,"column":3}},"23":{"start":{"line":93,"column":4},"end":{"line":93,"column":17}},"24":{"start":{"line":96,"column":2},"end":{"line":98,"column":3}},"25":{"start":{"line":96,"column":29},"end":{"line":96,"column":44}},"26":{"start":{"line":97,"column":4},"end":{"line":97,"column":17}},"27":{"start":{"line":100,"column":2},"end":{"line":112,"column":5}},"28":{"start":{"line":114,"column":2},"end":{"line":114,"column":14}},"29":{"start":{"line":119,"column":2},"end":{"line":121,"column":3}},"30":{"start":{"line":120,"column":4},"end":{"line":120,"column":17}},"31":{"start":{"line":123,"column":2},"end":{"line":123,"column":21}},"32":{"start":{"line":124,"column":2},"end":{"line":124,"column":30}},"33":{"start":{"line":127,"column":17},"end":{"line":127,"column":39}},"34":{"start":{"line":128,"column":21},"end":{"line":128,"column":72}},"35":{"start":{"line":131,"column":16},"end":{"line":135,"column":24}},"36":{"start":{"line":138,"column":18},"end":{"line":144,"column":4}},"37":{"start":{"line":139,"column":4},"end":{"line":143,"column":22}},"38":{"start":{"line":147,"column":15},"end":{"line":147,"column":17}},"39":{"start":{"line":148,"column":2},"end":{"line":151,"column":3}},"40":{"start":{"line":148,"column":15},"end":{"line":148,"column":16}},"41":{"start":{"line":149,"column":16},"end":{"line":149,"column":77}},"42":{"start":{"line":150,"column":4},"end":{"line":150,"column":19}},"43":{"start":{"line":154,"column":18},"end":{"line":158,"column":4}},"44":{"start":{"line":160,"column":2},"end":{"line":160,"column":30}},"45":{"start":{"line":163,"column":2},"end":{"line":163,"column":31}},"46":{"start":{"line":165,"column":2},"end":{"line":165,"column":14}},"47":{"start":{"line":170,"column":27},"end":{"line":229,"column":18}},"48":{"start":{"line":172,"column":16},"end":{"line":172,"column":26}},"49":{"start":{"line":173,"column":4},"end":{"line":177,"column":5}},"50":{"start":{"line":174,"column":6},"end":{"line":174,"column":38}},"51":{"start":{"line":175,"column":6},"end":{"line":175,"column":35}},"52":{"start":{"line":176,"column":6},"end":{"line":176,"column":13}},"53":{"start":{"line":180,"column":4},"end":{"line":180,"column":26}},"54":{"start":{"line":183,"column":4},"end":{"line":228,"column":5}},"55":{"start":{"line":184,"column":21},"end":{"line":184,"column":43}},"56":{"start":{"line":185,"column":25},"end":{"line":185,"column":76}},"57":{"start":{"line":187,"column":20},"end":{"line":191,"column":28}},"58":{"start":{"line":193,"column":6},"end":{"line":225,"column":7}},"59":{"start":{"line":195,"column":8},"end":{"line":206,"column":9}},"60":{"start":{"line":196,"column":10},"end":{"line":196,"column":60}},"61":{"start":{"line":197,"column":10},"end":{"line":205,"column":11}},"62":{"start":{"line":199,"column":12},"end":{"line":199,"column":19}},"63":{"start":{"line":202,"column":12},"end":{"line":202,"column":44}},"64":{"start":{"line":203,"column":12},"end":{"line":203,"column":40}},"65":{"start":{"line":204,"column":12},"end":{"line":204,"column":19}},"66":{"start":{"line":208,"column":24},"end":{"line":208,"column":68}},"67":{"start":{"line":209,"column":8},"end":{"line":213,"column":11}},"68":{"start":{"line":215,"column":8},"end":{"line":215,"column":89}},"69":{"start":{"line":217,"column":8},"end":{"line":224,"column":9}},"70":{"start":{"line":218,"column":10},"end":{"line":218,"column":69}},"71":{"start":{"line":221,"column":10},"end":{"line":221,"column":64}},"72":{"start":{"line":222,"column":10},"end":{"line":222,"column":42}},"73":{"start":{"line":223,"column":10},"end":{"line":223,"column":38}},"74":{"start":{"line":227,"column":6},"end":{"line":227,"column":51}},"75":{"start":{"line":235,"column":2},"end":{"line":244,"column":3}},"76":{"start":{"line":236,"column":4},"end":{"line":238,"column":5}},"77":{"start":{"line":237,"column":6},"end":{"line":237,"column":25}},"78":{"start":{"line":241,"column":4},"end":{"line":243,"column":5}},"79":{"start":{"line":242,"column":6},"end":{"line":242,"column":25}},"80":{"start":{"line":247,"column":2},"end":{"line":247,"column":62}},"81":{"start":{"line":247,"column":38},"end":{"line":247,"column":60}},"82":{"start":{"line":250,"column":2},"end":{"line":274,"column":3}},"83":{"start":{"line":250,"column":18},"end":{"line":250,"column":19}},"84":{"start":{"line":252,"column":4},"end":{"line":273,"column":5}},"85":{"start":{"line":253,"column":20},"end":{"line":253,"column":41}},"86":{"start":{"line":254,"column":22},"end":{"line":254,"column":65}},"87":{"start":{"line":257,"column":20},"end":{"line":257,"column":24}},"88":{"start":{"line":258,"column":6},"end":{"line":263,"column":7}},"89":{"start":{"line":259,"column":28},"end":{"line":259,"column":57}},"90":{"start":{"line":260,"column":8},"end":{"line":260,"column":57}},"91":{"start":{"line":260,"column":31},"end":{"line":260,"column":57}},"92":{"start":{"line":261,"column":8},"end":{"line":261,"column":55}},"93":{"start":{"line":261,"column":31},"end":{"line":261,"column":55}},"94":{"start":{"line":262,"column":8},"end":{"line":262,"column":55}},"95":{"start":{"line":262,"column":31},"end":{"line":262,"column":55}},"96":{"start":{"line":265,"column":6},"end":{"line":272,"column":9}},"97":{"start":{"line":277,"column":2},"end":{"line":279,"column":3}},"98":{"start":{"line":278,"column":4},"end":{"line":278,"column":31}},"99":{"start":{"line":282,"column":2},"end":{"line":291,"column":3}},"100":{"start":{"line":283,"column":4},"end":{"line":290,"column":5}},"101":{"start":{"line":284,"column":6},"end":{"line":284,"column":45}},"102":{"start":{"line":285,"column":6},"end":{"line":289,"column":7}},"103":{"start":{"line":286,"column":8},"end":{"line":286,"column":39}},"104":{"start":{"line":287,"column":8},"end":{"line":287,"column":39}},"105":{"start":{"line":288,"column":8},"end":{"line":288,"column":44}},"106":{"start":{"line":296,"column":17},"end":{"line":296,"column":58}},"107":{"start":{"line":296,"column":40},"end":{"line":296,"column":57}},"108":{"start":{"line":297,"column":2},"end":{"line":297,"column":22}},"109":{"start":{"line":297,"column":15},"end":{"line":297,"column":22}},"110":{"start":{"line":299,"column":2},"end":{"line":299,"column":28}},"111":{"start":{"line":302,"column":21},"end":{"line":302,"column":32}},"112":{"start":{"line":303,"column":21},"end":{"line":303,"column":53}},"113":{"start":{"line":306,"column":14},"end":{"line":308,"column":33}},"114":{"start":{"line":307,"column":19},"end":{"line":307,"column":58}},"115":{"start":{"line":308,"column":20},"end":{"line":308,"column":29}},"116":{"start":{"line":310,"column":2},"end":{"line":342,"column":3}},"117":{"start":{"line":312,"column":4},"end":{"line":341,"column":5}},"118":{"start":{"line":314,"column":23},"end":{"line":314,"column":52}},"119":{"start":{"line":315,"column":18},"end":{"line":315,"column":36}},"120":{"start":{"line":316,"column":6},"end":{"line":316,"column":33}},"121":{"start":{"line":319,"column":6},"end":{"line":323,"column":7}},"122":{"start":{"line":320,"column":8},"end":{"line":320,"column":19}},"123":{"start":{"line":321,"column":8},"end":{"line":321,"column":38}},"124":{"start":{"line":322,"column":8},"end":{"line":322,"column":50}},"125":{"start":{"line":324,"column":6},"end":{"line":327,"column":7}},"126":{"start":{"line":325,"column":8},"end":{"line":325,"column":38}},"127":{"start":{"line":326,"column":8},"end":{"line":326,"column":50}},"128":{"start":{"line":328,"column":6},"end":{"line":331,"column":7}},"129":{"start":{"line":329,"column":8},"end":{"line":329,"column":43}},"130":{"start":{"line":330,"column":8},"end":{"line":330,"column":50}},"131":{"start":{"line":333,"column":6},"end":{"line":333,"column":28}},"132":{"start":{"line":334,"column":6},"end":{"line":334,"column":25}},"133":{"start":{"line":337,"column":6},"end":{"line":337,"column":32}},"134":{"start":{"line":338,"column":6},"end":{"line":338,"column":42}},"135":{"start":{"line":340,"column":6},"end":{"line":340,"column":19}},"136":{"start":{"line":344,"column":2},"end":{"line":344,"column":11}},"137":{"start":{"line":349,"column":17},"end":{"line":349,"column":58}},"138":{"start":{"line":350,"column":14},"end":{"line":350,"column":37}},"139":{"start":{"line":353,"column":2},"end":{"line":353,"column":28}},"140":{"start":{"line":354,"column":2},"end":{"line":354,"column":50}},"141":{"start":{"line":357,"column":2},"end":{"line":425,"column":3}},"142":{"start":{"line":357,"column":15},"end":{"line":357,"column":16}},"143":{"start":{"line":358,"column":18},"end":{"line":358,"column":32}},"144":{"start":{"line":359,"column":19},"end":{"line":359,"column":34}},"145":{"start":{"line":362,"column":4},"end":{"line":362,"column":32}},"146":{"start":{"line":363,"column":4},"end":{"line":363,"column":20}},"147":{"start":{"line":364,"column":4},"end":{"line":364,"column":25}},"148":{"start":{"line":365,"column":4},"end":{"line":365,"column":37}},"149":{"start":{"line":366,"column":4},"end":{"line":366,"column":17}},"150":{"start":{"line":369,"column":4},"end":{"line":369,"column":30}},"151":{"start":{"line":370,"column":4},"end":{"line":370,"column":28}},"152":{"start":{"line":371,"column":4},"end":{"line":371,"column":62}},"153":{"start":{"line":374,"column":4},"end":{"line":374,"column":30}},"154":{"start":{"line":375,"column":23},"end":{"line":375,"column":59}},"155":{"start":{"line":376,"column":23},"end":{"line":376,"column":55}},"156":{"start":{"line":377,"column":4},"end":{"line":377,"column":70}},"157":{"start":{"line":380,"column":4},"end":{"line":399,"column":5}},"158":{"start":{"line":381,"column":6},"end":{"line":381,"column":32}},"159":{"start":{"line":382,"column":6},"end":{"line":382,"column":68}},"160":{"start":{"line":385,"column":6},"end":{"line":395,"column":7}},"161":{"start":{"line":386,"column":31},"end":{"line":386,"column":66}},"162":{"start":{"line":387,"column":8},"end":{"line":394,"column":9}},"163":{"start":{"line":388,"column":10},"end":{"line":388,"column":73}},"164":{"start":{"line":389,"column":10},"end":{"line":389,"column":26}},"165":{"start":{"line":390,"column":10},"end":{"line":390,"column":111}},"166":{"start":{"line":391,"column":10},"end":{"line":391,"column":21}},"167":{"start":{"line":393,"column":10},"end":{"line":393,"column":37}},"168":{"start":{"line":397,"column":6},"end":{"line":397,"column":32}},"169":{"start":{"line":398,"column":6},"end":{"line":398,"column":72}},"170":{"start":{"line":402,"column":4},"end":{"line":402,"column":30}},"171":{"start":{"line":403,"column":4},"end":{"line":403,"column":28}},"172":{"start":{"line":404,"column":4},"end":{"line":404,"column":85}},"173":{"start":{"line":407,"column":4},"end":{"line":424,"column":5}},"174":{"start":{"line":408,"column":24},"end":{"line":408,"column":26}},"175":{"start":{"line":409,"column":6},"end":{"line":409,"column":55}},"176":{"start":{"line":409,"column":34},"end":{"line":409,"column":55}},"177":{"start":{"line":410,"column":6},"end":{"line":410,"column":55}},"178":{"start":{"line":410,"column":34},"end":{"line":410,"column":55}},"179":{"start":{"line":411,"column":6},"end":{"line":411,"column":60}},"180":{"start":{"line":411,"column":39},"end":{"line":411,"column":60}},"181":{"start":{"line":413,"column":6},"end":{"line":413,"column":49}},"182":{"start":{"line":414,"column":6},"end":{"line":414,"column":68}},"183":{"start":{"line":416,"column":6},"end":{"line":416,"column":32}},"184":{"start":{"line":417,"column":6},"end":{"line":417,"column":30}},"185":{"start":{"line":418,"column":6},"end":{"line":418,"column":61}},"186":{"start":{"line":421,"column":23},"end":{"line":421,"column":86}},"187":{"start":{"line":422,"column":6},"end":{"line":422,"column":32}},"188":{"start":{"line":423,"column":6},"end":{"line":423,"column":61}},"189":{"start":{"line":428,"column":2},"end":{"line":460,"column":3}},"190":{"start":{"line":429,"column":4},"end":{"line":429,"column":30}},"191":{"start":{"line":429,"column":21},"end":{"line":429,"column":30}},"192":{"start":{"line":431,"column":18},"end":{"line":431,"column":39}},"193":{"start":{"line":432,"column":17},"end":{"line":432,"column":53}},"194":{"start":{"line":435,"column":4},"end":{"line":435,"column":30}},"195":{"start":{"line":436,"column":4},"end":{"line":436,"column":53}},"196":{"start":{"line":439,"column":19},"end":{"line":439,"column":62}},"197":{"start":{"line":439,"column":42},"end":{"line":439,"column":61}},"198":{"start":{"line":440,"column":27},"end":{"line":440,"column":45}},"199":{"start":{"line":442,"column":4},"end":{"line":444,"column":5}},"200":{"start":{"line":443,"column":6},"end":{"line":443,"column":28}},"201":{"start":{"line":446,"column":4},"end":{"line":446,"column":43}},"202":{"start":{"line":447,"column":4},"end":{"line":447,"column":88}},"203":{"start":{"line":450,"column":4},"end":{"line":459,"column":5}},"204":{"start":{"line":451,"column":25},"end":{"line":451,"column":27}},"205":{"start":{"line":452,"column":6},"end":{"line":452,"column":63}},"206":{"start":{"line":452,"column":43},"end":{"line":452,"column":63}},"207":{"start":{"line":453,"column":6},"end":{"line":453,"column":61}},"208":{"start":{"line":453,"column":41},"end":{"line":453,"column":61}},"209":{"start":{"line":454,"column":6},"end":{"line":454,"column":61}},"210":{"start":{"line":454,"column":41},"end":{"line":454,"column":61}},"211":{"start":{"line":456,"column":6},"end":{"line":456,"column":32}},"212":{"start":{"line":457,"column":6},"end":{"line":457,"column":30}},"213":{"start":{"line":458,"column":6},"end":{"line":458,"column":84}},"214":{"start":{"line":463,"column":2},"end":{"line":479,"column":3}},"215":{"start":{"line":464,"column":24},"end":{"line":464,"column":51}},"216":{"start":{"line":465,"column":29},"end":{"line":465,"column":75}},"217":{"start":{"line":467,"column":4},"end":{"line":467,"column":47}},"218":{"start":{"line":468,"column":4},"end":{"line":468,"column":41}},"219":{"start":{"line":470,"column":4},"end":{"line":470,"column":30}},"220":{"start":{"line":471,"column":4},"end":{"line":471,"column":60}},"221":{"start":{"line":475,"column":28},"end":{"line":475,"column":77}},"222":{"start":{"line":476,"column":4},"end":{"line":476,"column":30}},"223":{"start":{"line":477,"column":4},"end":{"line":477,"column":28}},"224":{"start":{"line":478,"column":4},"end":{"line":478,"column":59}},"225":{"start":{"line":482,"column":2},"end":{"line":502,"column":3}},"226":{"start":{"line":484,"column":4},"end":{"line":484,"column":41}},"227":{"start":{"line":485,"column":4},"end":{"line":485,"column":52}},"228":{"start":{"line":488,"column":4},"end":{"line":488,"column":30}},"229":{"start":{"line":489,"column":4},"end":{"line":489,"column":28}},"230":{"start":{"line":490,"column":4},"end":{"line":490,"column":78}},"231":{"start":{"line":493,"column":26},"end":{"line":493,"column":77}},"232":{"start":{"line":493,"column":59},"end":{"line":493,"column":76}},"233":{"start":{"line":496,"column":4},"end":{"line":496,"column":28}},"234":{"start":{"line":497,"column":4},"end":{"line":501,"column":5}},"235":{"start":{"line":497,"column":17},"end":{"line":497,"column":18}},"236":{"start":{"line":498,"column":21},"end":{"line":498,"column":37}},"237":{"start":{"line":499,"column":20},"end":{"line":499,"column":82}},"238":{"start":{"line":500,"column":6},"end":{"line":500,"column":117}},"239":{"start":{"line":505,"column":2},"end":{"line":505,"column":27}},"240":{"start":{"line":510,"column":2},"end":{"line":582,"column":3}},"241":{"start":{"line":511,"column":4},"end":{"line":511,"column":67}},"242":{"start":{"line":514,"column":4},"end":{"line":514,"column":24}},"243":{"start":{"line":517,"column":4},"end":{"line":517,"column":51}},"244":{"start":{"line":517,"column":32},"end":{"line":517,"column":49}},"245":{"start":{"line":520,"column":28},"end":{"line":523,"column":17}},"246":{"start":{"line":521,"column":20},"end":{"line":521,"column":98}},"247":{"start":{"line":522,"column":6},"end":{"line":522,"column":68}},"248":{"start":{"line":526,"column":18},"end":{"line":529,"column":26}},"249":{"start":{"line":532,"column":28},"end":{"line":535,"column":36}},"250":{"start":{"line":537,"column":16},"end":{"line":537,"column":69}},"251":{"start":{"line":540,"column":4},"end":{"line":567,"column":5}},"252":{"start":{"line":541,"column":6},"end":{"line":554,"column":7}},"253":{"start":{"line":542,"column":24},"end":{"line":542,"column":68}},"254":{"start":{"line":543,"column":8},"end":{"line":547,"column":11}},"255":{"start":{"line":550,"column":8},"end":{"line":553,"column":11}},"256":{"start":{"line":556,"column":6},"end":{"line":556,"column":63}},"257":{"start":{"line":559,"column":6},"end":{"line":566,"column":7}},"258":{"start":{"line":560,"column":8},"end":{"line":563,"column":11}},"259":{"start":{"line":565,"column":8},"end":{"line":565,"column":69}},"260":{"start":{"line":570,"column":4},"end":{"line":575,"column":5}},"261":{"start":{"line":571,"column":6},"end":{"line":571,"column":33}},"262":{"start":{"line":572,"column":6},"end":{"line":572,"column":63}},"263":{"start":{"line":574,"column":6},"end":{"line":574,"column":70}},"264":{"start":{"line":578,"column":4},"end":{"line":578,"column":32}},"265":{"start":{"line":580,"column":4},"end":{"line":580,"column":47}},"266":{"start":{"line":581,"column":4},"end":{"line":581,"column":32}},"267":{"start":{"line":588,"column":2},"end":{"line":591,"column":3}},"268":{"start":{"line":589,"column":4},"end":{"line":589,"column":49}},"269":{"start":{"line":590,"column":4},"end":{"line":590,"column":11}},"270":{"start":{"line":593,"column":2},"end":{"line":593,"column":66}},"271":{"start":{"line":595,"column":2},"end":{"line":638,"column":3}},"272":{"start":{"line":596,"column":4},"end":{"line":637,"column":5}},"273":{"start":{"line":597,"column":6},"end":{"line":597,"column":77}},"274":{"start":{"line":601,"column":6},"end":{"line":611,"column":7}},"275":{"start":{"line":602,"column":8},"end":{"line":602,"column":70}},"276":{"start":{"line":604,"column":8},"end":{"line":604,"column":93}},"277":{"start":{"line":606,"column":8},"end":{"line":610,"column":10}},"278":{"start":{"line":614,"column":23},"end":{"line":618,"column":7}},"279":{"start":{"line":621,"column":6},"end":{"line":633,"column":7}},"280":{"start":{"line":622,"column":8},"end":{"line":628,"column":11}},"281":{"start":{"line":629,"column":8},"end":{"line":629,"column":67}},"282":{"start":{"line":631,"column":8},"end":{"line":631,"column":95}},"283":{"start":{"line":635,"column":6},"end":{"line":635,"column":82}},"284":{"start":{"line":643,"column":2},"end":{"line":661,"column":3}},"285":{"start":{"line":645,"column":18},"end":{"line":653,"column":5}},"286":{"start":{"line":655,"column":19},"end":{"line":655,"column":40}},"287":{"start":{"line":656,"column":4},"end":{"line":656,"column":23}},"288":{"start":{"line":658,"column":4},"end":{"line":658,"column":55}},"289":{"start":{"line":660,"column":4},"end":{"line":660,"column":14}},"290":{"start":{"line":664,"column":0},"end":{"line":935,"column":2}},"291":{"start":{"line":669,"column":6},"end":{"line":671,"column":62}},"292":{"start":{"line":674,"column":6},"end":{"line":676,"column":66}},"293":{"start":{"line":682,"column":4},"end":{"line":682,"column":35}},"294":{"start":{"line":684,"column":23},"end":{"line":684,"column":58}},"295":{"start":{"line":686,"column":4},"end":{"line":745,"column":5}},"296":{"start":{"line":688,"column":20},"end":{"line":696,"column":10}},"297":{"start":{"line":699,"column":25},"end":{"line":702,"column":38}},"298":{"start":{"line":705,"column":26},"end":{"line":708,"column":38}},"299":{"start":{"line":710,"column":18},"end":{"line":710,"column":79}},"300":{"start":{"line":712,"column":23},"end":{"line":715,"column":8}},"301":{"start":{"line":718,"column":19},"end":{"line":718,"column":52}},"302":{"start":{"line":719,"column":6},"end":{"line":719,"column":84}},"303":{"start":{"line":721,"column":9},"end":{"line":745,"column":5}},"304":{"start":{"line":723,"column":26},"end":{"line":723,"column":55}},"305":{"start":{"line":725,"column":6},"end":{"line":728,"column":7}},"306":{"start":{"line":726,"column":8},"end":{"line":726,"column":89}},"307":{"start":{"line":727,"column":8},"end":{"line":727,"column":15}},"308":{"start":{"line":730,"column":20},"end":{"line":733,"column":28}},"309":{"start":{"line":735,"column":28},"end":{"line":735,"column":30}},"310":{"start":{"line":737,"column":6},"end":{"line":740,"column":9}},"311":{"start":{"line":738,"column":22},"end":{"line":738,"column":100}},"312":{"start":{"line":739,"column":8},"end":{"line":739,"column":130}},"313":{"start":{"line":742,"column":6},"end":{"line":742,"column":44}},"314":{"start":{"line":744,"column":6},"end":{"line":744,"column":55}},"315":{"start":{"line":750,"column":21},"end":{"line":750,"column":41}},"316":{"start":{"line":752,"column":4},"end":{"line":933,"column":5}},"317":{"start":{"line":754,"column":23},"end":{"line":754,"column":27}},"318":{"start":{"line":756,"column":6},"end":{"line":761,"column":7}},"319":{"start":{"line":757,"column":8},"end":{"line":760,"column":9}},"320":{"start":{"line":758,"column":10},"end":{"line":758,"column":28}},"321":{"start":{"line":759,"column":10},"end":{"line":759,"column":16}},"322":{"start":{"line":763,"column":6},"end":{"line":766,"column":7}},"323":{"start":{"line":764,"column":8},"end":{"line":764,"column":93}},"324":{"start":{"line":765,"column":8},"end":{"line":765,"column":15}},"325":{"start":{"line":769,"column":21},"end":{"line":769,"column":40}},"326":{"start":{"line":770,"column":23},"end":{"line":770,"column":48}},"327":{"start":{"line":772,"column":20},"end":{"line":772,"column":59}},"328":{"start":{"line":774,"column":6},"end":{"line":777,"column":7}},"329":{"start":{"line":775,"column":8},"end":{"line":775,"column":115}},"330":{"start":{"line":776,"column":8},"end":{"line":776,"column":15}},"331":{"start":{"line":780,"column":25},"end":{"line":780,"column":78}},"332":{"start":{"line":780,"column":53},"end":{"line":780,"column":66}},"333":{"start":{"line":782,"column":20},"end":{"line":787,"column":10}},"334":{"start":{"line":789,"column":6},"end":{"line":789,"column":52}},"335":{"start":{"line":791,"column":9},"end":{"line":933,"column":5}},"336":{"start":{"line":793,"column":23},"end":{"line":793,"column":27}},"337":{"start":{"line":795,"column":6},"end":{"line":800,"column":7}},"338":{"start":{"line":796,"column":8},"end":{"line":799,"column":9}},"339":{"start":{"line":797,"column":10},"end":{"line":797,"column":28}},"340":{"start":{"line":798,"column":10},"end":{"line":798,"column":16}},"341":{"start":{"line":802,"column":6},"end":{"line":805,"column":7}},"342":{"start":{"line":803,"column":8},"end":{"line":803,"column":93}},"343":{"start":{"line":804,"column":8},"end":{"line":804,"column":15}},"344":{"start":{"line":808,"column":6},"end":{"line":811,"column":7}},"345":{"start":{"line":809,"column":8},"end":{"line":809,"column":102}},"346":{"start":{"line":810,"column":8},"end":{"line":810,"column":15}},"347":{"start":{"line":814,"column":6},"end":{"line":814,"column":55}},"348":{"start":{"line":817,"column":20},"end":{"line":818,"column":40}},"349":{"start":{"line":820,"column":6},"end":{"line":820,"column":68}},"350":{"start":{"line":822,"column":9},"end":{"line":933,"column":5}},"351":{"start":{"line":824,"column":20},"end":{"line":832,"column":10}},"352":{"start":{"line":835,"column":25},"end":{"line":838,"column":38}},"353":{"start":{"line":841,"column":26},"end":{"line":844,"column":38}},"354":{"start":{"line":846,"column":18},"end":{"line":846,"column":79}},"355":{"start":{"line":848,"column":23},"end":{"line":852,"column":8}},"356":{"start":{"line":855,"column":19},"end":{"line":855,"column":52}},"357":{"start":{"line":856,"column":6},"end":{"line":856,"column":84}},"358":{"start":{"line":858,"column":9},"end":{"line":933,"column":5}},"359":{"start":{"line":859,"column":6},"end":{"line":932,"column":7}},"360":{"start":{"line":861,"column":22},"end":{"line":861,"column":41}},"361":{"start":{"line":862,"column":8},"end":{"line":865,"column":9}},"362":{"start":{"line":863,"column":10},"end":{"line":863,"column":75}},"363":{"start":{"line":864,"column":10},"end":{"line":864,"column":17}},"364":{"start":{"line":867,"column":23},"end":{"line":867,"column":31}},"365":{"start":{"line":868,"column":25},"end":{"line":868,"column":33}},"366":{"start":{"line":870,"column":8},"end":{"line":870,"column":82}},"367":{"start":{"line":873,"column":21},"end":{"line":873,"column":44}},"368":{"start":{"line":875,"column":8},"end":{"line":883,"column":9}},"369":{"start":{"line":876,"column":10},"end":{"line":876,"column":60}},"370":{"start":{"line":879,"column":10},"end":{"line":881,"column":11}},"371":{"start":{"line":880,"column":12},"end":{"line":880,"column":100}},"372":{"start":{"line":882,"column":10},"end":{"line":882,"column":17}},"373":{"start":{"line":885,"column":8},"end":{"line":891,"column":9}},"374":{"start":{"line":887,"column":10},"end":{"line":889,"column":11}},"375":{"start":{"line":888,"column":12},"end":{"line":888,"column":104}},"376":{"start":{"line":890,"column":10},"end":{"line":890,"column":17}},"377":{"start":{"line":894,"column":31},"end":{"line":894,"column":72}},"378":{"start":{"line":894,"column":54},"end":{"line":894,"column":71}},"379":{"start":{"line":896,"column":8},"end":{"line":902,"column":9}},"380":{"start":{"line":898,"column":10},"end":{"line":900,"column":11}},"381":{"start":{"line":899,"column":12},"end":{"line":899,"column":95}},"382":{"start":{"line":901,"column":10},"end":{"line":901,"column":17}},"383":{"start":{"line":905,"column":8},"end":{"line":911,"column":9}},"384":{"start":{"line":907,"column":10},"end":{"line":909,"column":11}},"385":{"start":{"line":908,"column":12},"end":{"line":908,"column":91}},"386":{"start":{"line":910,"column":10},"end":{"line":910,"column":17}},"387":{"start":{"line":914,"column":22},"end":{"line":914,"column":49}},"388":{"start":{"line":917,"column":8},"end":{"line":929,"column":9}},"389":{"start":{"line":918,"column":10},"end":{"line":922,"column":11}},"390":{"start":{"line":919,"column":12},"end":{"line":919,"column":110}},"391":{"start":{"line":921,"column":12},"end":{"line":921,"column":107}},"392":{"start":{"line":924,"column":10},"end":{"line":928,"column":11}},"393":{"start":{"line":925,"column":12},"end":{"line":925,"column":97}},"394":{"start":{"line":927,"column":12},"end":{"line":927,"column":94}},"395":{"start":{"line":931,"column":8},"end":{"line":931,"column":64}}},"fnMap":{"0":{"name":"generateGameId","decl":{"start":{"line":69,"column":9},"end":{"line":69,"column":23}},"loc":{"start":{"line":69,"column":26},"end":{"line":71,"column":1}},"line":69},"1":{"name":"createGame","decl":{"start":{"line":74,"column":9},"end":{"line":74,"column":19}},"loc":{"start":{"line":74,"column":31},"end":{"line":88,"column":1}},"line":74},"2":{"name":"addPlayer","decl":{"start":{"line":91,"column":9},"end":{"line":91,"column":18}},"loc":{"start":{"line":91,"column":43},"end":{"line":115,"column":1}},"line":91},"3":{"name":"(anonymous_3)","decl":{"start":{"line":96,"column":24},"end":{"line":96,"column":25}},"loc":{"start":{"line":96,"column":29},"end":{"line":96,"column":44}},"line":96},"4":{"name":"startGame","decl":{"start":{"line":118,"column":15},"end":{"line":118,"column":24}},"loc":{"start":{"line":118,"column":40},"end":{"line":166,"column":1}},"line":118},"5":{"name":"(anonymous_5)","decl":{"start":{"line":138,"column":35},"end":{"line":138,"column":36}},"loc":{"start":{"line":138,"column":45},"end":{"line":144,"column":3}},"line":138},"6":{"name":"startGameLoop","decl":{"start":{"line":169,"column":15},"end":{"line":169,"column":28}},"loc":{"start":{"line":169,"column":44},"end":{"line":230,"column":1}},"line":169},"7":{"name":"(anonymous_7)","decl":{"start":{"line":170,"column":39},"end":{"line":170,"column":40}},"loc":{"start":{"line":170,"column":51},"end":{"line":229,"column":3}},"line":170},"8":{"name":"updateGameState","decl":{"start":{"line":233,"column":9},"end":{"line":233,"column":24}},"loc":{"start":{"line":233,"column":31},"end":{"line":292,"column":1}},"line":233},"9":{"name":"(anonymous_9)","decl":{"start":{"line":247,"column":31},"end":{"line":247,"column":32}},"loc":{"start":{"line":247,"column":38},"end":{"line":247,"column":60}},"line":247},"10":{"name":"playerSwing","decl":{"start":{"line":295,"column":9},"end":{"line":295,"column":20}},"loc":{"start":{"line":295,"column":37},"end":{"line":345,"column":1}},"line":295},"11":{"name":"(anonymous_11)","decl":{"start":{"line":296,"column":35},"end":{"line":296,"column":36}},"loc":{"start":{"line":296,"column":40},"end":{"line":296,"column":57}},"line":296},"12":{"name":"(anonymous_12)","decl":{"start":{"line":307,"column":12},"end":{"line":307,"column":13}},"loc":{"start":{"line":307,"column":19},"end":{"line":307,"column":58}},"line":307},"13":{"name":"(anonymous_13)","decl":{"start":{"line":308,"column":10},"end":{"line":308,"column":11}},"loc":{"start":{"line":308,"column":20},"end":{"line":308,"column":29}},"line":308},"14":{"name":"renderGame","decl":{"start":{"line":348,"column":15},"end":{"line":348,"column":25}},"loc":{"start":{"line":348,"column":32},"end":{"line":506,"column":1}},"line":348},"15":{"name":"(anonymous_15)","decl":{"start":{"line":439,"column":37},"end":{"line":439,"column":38}},"loc":{"start":{"line":439,"column":42},"end":{"line":439,"column":61}},"line":439},"16":{"name":"(anonymous_16)","decl":{"start":{"line":493,"column":49},"end":{"line":493,"column":50}},"loc":{"start":{"line":493,"column":59},"end":{"line":493,"column":76}},"line":493},"17":{"name":"endGame","decl":{"start":{"line":509,"column":15},"end":{"line":509,"column":22}},"loc":{"start":{"line":509,"column":38},"end":{"line":583,"column":1}},"line":509},"18":{"name":"(anonymous_18)","decl":{"start":{"line":517,"column":22},"end":{"line":517,"column":23}},"loc":{"start":{"line":517,"column":32},"end":{"line":517,"column":49}},"line":517},"19":{"name":"(anonymous_19)","decl":{"start":{"line":520,"column":45},"end":{"line":520,"column":46}},"loc":{"start":{"line":520,"column":64},"end":{"line":523,"column":5}},"line":520},"20":{"name":"saveGameScores","decl":{"start":{"line":586,"column":15},"end":{"line":586,"column":29}},"loc":{"start":{"line":586,"column":36},"end":{"line":639,"column":1}},"line":586},"21":{"name":"getLogchopLeaderboard","decl":{"start":{"line":642,"column":15},"end":{"line":642,"column":36}},"loc":{"start":{"line":642,"column":39},"end":{"line":662,"column":1}},"line":642},"22":{"name":"(anonymous_22)","decl":{"start":{"line":668,"column":19},"end":{"line":668,"column":20}},"loc":{"start":{"line":669,"column":6},"end":{"line":671,"column":62}},"line":669},"23":{"name":"(anonymous_23)","decl":{"start":{"line":673,"column":19},"end":{"line":673,"column":20}},"loc":{"start":{"line":674,"column":6},"end":{"line":676,"column":66}},"line":674},"24":{"name":"(anonymous_24)","decl":{"start":{"line":681,"column":2},"end":{"line":681,"column":3}},"loc":{"start":{"line":681,"column":29},"end":{"line":746,"column":3}},"line":681},"25":{"name":"(anonymous_25)","decl":{"start":{"line":737,"column":26},"end":{"line":737,"column":27}},"loc":{"start":{"line":737,"column":44},"end":{"line":740,"column":7}},"line":737},"26":{"name":"(anonymous_26)","decl":{"start":{"line":749,"column":2},"end":{"line":749,"column":3}},"loc":{"start":{"line":749,"column":34},"end":{"line":934,"column":3}},"line":749},"27":{"name":"(anonymous_27)","decl":{"start":{"line":780,"column":48},"end":{"line":780,"column":49}},"loc":{"start":{"line":780,"column":53},"end":{"line":780,"column":66}},"line":780},"28":{"name":"(anonymous_28)","decl":{"start":{"line":894,"column":49},"end":{"line":894,"column":50}},"loc":{"start":{"line":894,"column":54},"end":{"line":894,"column":71}},"line":894}},"branchMap":{"0":{"loc":{"start":{"line":92,"column":2},"end":{"line":94,"column":3}},"type":"if","locations":[{"start":{"line":92,"column":2},"end":{"line":94,"column":3}},{"start":{},"end":{}}],"line":92},"1":{"loc":{"start":{"line":96,"column":2},"end":{"line":98,"column":3}},"type":"if","locations":[{"start":{"line":96,"column":2},"end":{"line":98,"column":3}},{"start":{},"end":{}}],"line":96},"2":{"loc":{"start":{"line":119,"column":2},"end":{"line":121,"column":3}},"type":"if","locations":[{"start":{"line":119,"column":2},"end":{"line":121,"column":3}},{"start":{},"end":{}}],"line":119},"3":{"loc":{"start":{"line":173,"column":4},"end":{"line":177,"column":5}},"type":"if","locations":[{"start":{"line":173,"column":4},"end":{"line":177,"column":5}},{"start":{},"end":{}}],"line":173},"4":{"loc":{"start":{"line":195,"column":8},"end":{"line":206,"column":9}},"type":"if","locations":[{"start":{"line":195,"column":8},"end":{"line":206,"column":9}},{"start":{},"end":{}}],"line":195},"5":{"loc":{"start":{"line":197,"column":10},"end":{"line":205,"column":11}},"type":"if","locations":[{"start":{"line":197,"column":10},"end":{"line":205,"column":11}},{"start":{"line":200,"column":17},"end":{"line":205,"column":11}}],"line":197},"6":{"loc":{"start":{"line":217,"column":8},"end":{"line":224,"column":9}},"type":"if","locations":[{"start":{"line":217,"column":8},"end":{"line":224,"column":9}},{"start":{"line":219,"column":15},"end":{"line":224,"column":9}}],"line":217},"7":{"loc":{"start":{"line":217,"column":12},"end":{"line":217,"column":69}},"type":"binary-expr","locations":[{"start":{"line":217,"column":12},"end":{"line":217,"column":43}},{"start":{"line":217,"column":47},"end":{"line":217,"column":69}}],"line":217},"8":{"loc":{"start":{"line":236,"column":4},"end":{"line":238,"column":5}},"type":"if","locations":[{"start":{"line":236,"column":4},"end":{"line":238,"column":5}},{"start":{},"end":{}}],"line":236},"9":{"loc":{"start":{"line":241,"column":4},"end":{"line":243,"column":5}},"type":"if","locations":[{"start":{"line":241,"column":4},"end":{"line":243,"column":5}},{"start":{},"end":{}}],"line":241},"10":{"loc":{"start":{"line":252,"column":4},"end":{"line":273,"column":5}},"type":"if","locations":[{"start":{"line":252,"column":4},"end":{"line":273,"column":5}},{"start":{},"end":{}}],"line":252},"11":{"loc":{"start":{"line":258,"column":6},"end":{"line":263,"column":7}},"type":"if","locations":[{"start":{"line":258,"column":6},"end":{"line":263,"column":7}},{"start":{},"end":{}}],"line":258},"12":{"loc":{"start":{"line":260,"column":8},"end":{"line":260,"column":57}},"type":"if","locations":[{"start":{"line":260,"column":8},"end":{"line":260,"column":57}},{"start":{},"end":{}}],"line":260},"13":{"loc":{"start":{"line":261,"column":8},"end":{"line":261,"column":55}},"type":"if","locations":[{"start":{"line":261,"column":8},"end":{"line":261,"column":55}},{"start":{},"end":{}}],"line":261},"14":{"loc":{"start":{"line":262,"column":8},"end":{"line":262,"column":55}},"type":"if","locations":[{"start":{"line":262,"column":8},"end":{"line":262,"column":55}},{"start":{},"end":{}}],"line":262},"15":{"loc":{"start":{"line":283,"column":4},"end":{"line":290,"column":5}},"type":"if","locations":[{"start":{"line":283,"column":4},"end":{"line":290,"column":5}},{"start":{},"end":{}}],"line":283},"16":{"loc":{"start":{"line":285,"column":6},"end":{"line":289,"column":7}},"type":"if","locations":[{"start":{"line":285,"column":6},"end":{"line":289,"column":7}},{"start":{},"end":{}}],"line":285},"17":{"loc":{"start":{"line":297,"column":2},"end":{"line":297,"column":22}},"type":"if","locations":[{"start":{"line":297,"column":2},"end":{"line":297,"column":22}},{"start":{},"end":{}}],"line":297},"18":{"loc":{"start":{"line":307,"column":19},"end":{"line":307,"column":58}},"type":"binary-expr","locations":[{"start":{"line":307,"column":19},"end":{"line":307,"column":42}},{"start":{"line":307,"column":46},"end":{"line":307,"column":58}}],"line":307},"19":{"loc":{"start":{"line":310,"column":2},"end":{"line":342,"column":3}},"type":"if","locations":[{"start":{"line":310,"column":2},"end":{"line":342,"column":3}},{"start":{},"end":{}}],"line":310},"20":{"loc":{"start":{"line":312,"column":4},"end":{"line":341,"column":5}},"type":"if","locations":[{"start":{"line":312,"column":4},"end":{"line":341,"column":5}},{"start":{},"end":{}}],"line":312},"21":{"loc":{"start":{"line":312,"column":8},"end":{"line":312,"column":62}},"type":"binary-expr","locations":[{"start":{"line":312,"column":8},"end":{"line":312,"column":33}},{"start":{"line":312,"column":37},"end":{"line":312,"column":62}}],"line":312},"22":{"loc":{"start":{"line":319,"column":6},"end":{"line":323,"column":7}},"type":"if","locations":[{"start":{"line":319,"column":6},"end":{"line":323,"column":7}},{"start":{},"end":{}}],"line":319},"23":{"loc":{"start":{"line":324,"column":6},"end":{"line":327,"column":7}},"type":"if","locations":[{"start":{"line":324,"column":6},"end":{"line":327,"column":7}},{"start":{},"end":{}}],"line":324},"24":{"loc":{"start":{"line":328,"column":6},"end":{"line":331,"column":7}},"type":"if","locations":[{"start":{"line":328,"column":6},"end":{"line":331,"column":7}},{"start":{},"end":{}}],"line":328},"25":{"loc":{"start":{"line":380,"column":4},"end":{"line":399,"column":5}},"type":"if","locations":[{"start":{"line":380,"column":4},"end":{"line":399,"column":5}},{"start":{"line":396,"column":11},"end":{"line":399,"column":5}}],"line":380},"26":{"loc":{"start":{"line":385,"column":6},"end":{"line":395,"column":7}},"type":"if","locations":[{"start":{"line":385,"column":6},"end":{"line":395,"column":7}},{"start":{},"end":{}}],"line":385},"27":{"loc":{"start":{"line":387,"column":8},"end":{"line":394,"column":9}},"type":"if","locations":[{"start":{"line":387,"column":8},"end":{"line":394,"column":9}},{"start":{"line":392,"column":15},"end":{"line":394,"column":9}}],"line":387},"28":{"loc":{"start":{"line":407,"column":4},"end":{"line":424,"column":5}},"type":"if","locations":[{"start":{"line":407,"column":4},"end":{"line":424,"column":5}},{"start":{},"end":{}}],"line":407},"29":{"loc":{"start":{"line":409,"column":6},"end":{"line":409,"column":55}},"type":"if","locations":[{"start":{"line":409,"column":6},"end":{"line":409,"column":55}},{"start":{},"end":{}}],"line":409},"30":{"loc":{"start":{"line":410,"column":6},"end":{"line":410,"column":55}},"type":"if","locations":[{"start":{"line":410,"column":6},"end":{"line":410,"column":55}},{"start":{},"end":{}}],"line":410},"31":{"loc":{"start":{"line":411,"column":6},"end":{"line":411,"column":60}},"type":"if","locations":[{"start":{"line":411,"column":6},"end":{"line":411,"column":60}},{"start":{},"end":{}}],"line":411},"32":{"loc":{"start":{"line":429,"column":4},"end":{"line":429,"column":30}},"type":"if","locations":[{"start":{"line":429,"column":4},"end":{"line":429,"column":30}},{"start":{},"end":{}}],"line":429},"33":{"loc":{"start":{"line":442,"column":4},"end":{"line":444,"column":5}},"type":"if","locations":[{"start":{"line":442,"column":4},"end":{"line":444,"column":5}},{"start":{},"end":{}}],"line":442},"34":{"loc":{"start":{"line":442,"column":8},"end":{"line":442,"column":45}},"type":"binary-expr","locations":[{"start":{"line":442,"column":8},"end":{"line":442,"column":14}},{"start":{"line":442,"column":18},"end":{"line":442,"column":45}}],"line":442},"35":{"loc":{"start":{"line":450,"column":4},"end":{"line":459,"column":5}},"type":"if","locations":[{"start":{"line":450,"column":4},"end":{"line":459,"column":5}},{"start":{},"end":{}}],"line":450},"36":{"loc":{"start":{"line":452,"column":6},"end":{"line":452,"column":63}},"type":"if","locations":[{"start":{"line":452,"column":6},"end":{"line":452,"column":63}},{"start":{},"end":{}}],"line":452},"37":{"loc":{"start":{"line":453,"column":6},"end":{"line":453,"column":61}},"type":"if","locations":[{"start":{"line":453,"column":6},"end":{"line":453,"column":61}},{"start":{},"end":{}}],"line":453},"38":{"loc":{"start":{"line":454,"column":6},"end":{"line":454,"column":61}},"type":"if","locations":[{"start":{"line":454,"column":6},"end":{"line":454,"column":61}},{"start":{},"end":{}}],"line":454},"39":{"loc":{"start":{"line":463,"column":2},"end":{"line":479,"column":3}},"type":"if","locations":[{"start":{"line":463,"column":2},"end":{"line":479,"column":3}},{"start":{},"end":{}}],"line":463},"40":{"loc":{"start":{"line":463,"column":6},"end":{"line":463,"column":39}},"type":"binary-expr","locations":[{"start":{"line":463,"column":6},"end":{"line":463,"column":17}},{"start":{"line":463,"column":21},"end":{"line":463,"column":39}}],"line":463},"41":{"loc":{"start":{"line":482,"column":2},"end":{"line":502,"column":3}},"type":"if","locations":[{"start":{"line":482,"column":2},"end":{"line":502,"column":3}},{"start":{},"end":{}}],"line":482},"42":{"loc":{"start":{"line":482,"column":6},"end":{"line":482,"column":40}},"type":"binary-expr","locations":[{"start":{"line":482,"column":6},"end":{"line":482,"column":18}},{"start":{"line":482,"column":22},"end":{"line":482,"column":40}}],"line":482},"43":{"loc":{"start":{"line":499,"column":20},"end":{"line":499,"column":82}},"type":"cond-expr","locations":[{"start":{"line":499,"column":30},"end":{"line":499,"column":34}},{"start":{"line":499,"column":37},"end":{"line":499,"column":82}}],"line":499},"44":{"loc":{"start":{"line":499,"column":37},"end":{"line":499,"column":82}},"type":"cond-expr","locations":[{"start":{"line":499,"column":47},"end":{"line":499,"column":51}},{"start":{"line":499,"column":54},"end":{"line":499,"column":82}}],"line":499},"45":{"loc":{"start":{"line":499,"column":54},"end":{"line":499,"column":82}},"type":"cond-expr","locations":[{"start":{"line":499,"column":64},"end":{"line":499,"column":68}},{"start":{"line":499,"column":71},"end":{"line":499,"column":82}}],"line":499},"46":{"loc":{"start":{"line":521,"column":20},"end":{"line":521,"column":98}},"type":"cond-expr","locations":[{"start":{"line":521,"column":34},"end":{"line":521,"column":38}},{"start":{"line":521,"column":41},"end":{"line":521,"column":98}}],"line":521},"47":{"loc":{"start":{"line":521,"column":41},"end":{"line":521,"column":98}},"type":"cond-expr","locations":[{"start":{"line":521,"column":55},"end":{"line":521,"column":59}},{"start":{"line":521,"column":62},"end":{"line":521,"column":98}}],"line":521},"48":{"loc":{"start":{"line":521,"column":62},"end":{"line":521,"column":98}},"type":"cond-expr","locations":[{"start":{"line":521,"column":76},"end":{"line":521,"column":80}},{"start":{"line":521,"column":83},"end":{"line":521,"column":98}}],"line":521},"49":{"loc":{"start":{"line":541,"column":6},"end":{"line":554,"column":7}},"type":"if","locations":[{"start":{"line":541,"column":6},"end":{"line":554,"column":7}},{"start":{"line":548,"column":13},"end":{"line":554,"column":7}}],"line":541},"50":{"loc":{"start":{"line":588,"column":2},"end":{"line":591,"column":3}},"type":"if","locations":[{"start":{"line":588,"column":2},"end":{"line":591,"column":3}},{"start":{},"end":{}}],"line":588},"51":{"loc":{"start":{"line":588,"column":6},"end":{"line":588,"column":48}},"type":"binary-expr","locations":[{"start":{"line":588,"column":6},"end":{"line":588,"column":19}},{"start":{"line":588,"column":23},"end":{"line":588,"column":48}}],"line":588},"52":{"loc":{"start":{"line":615,"column":11},"end":{"line":615,"column":31}},"type":"binary-expr","locations":[{"start":{"line":615,"column":11},"end":{"line":615,"column":25}},{"start":{"line":615,"column":29},"end":{"line":615,"column":31}}],"line":615},"53":{"loc":{"start":{"line":617,"column":31},"end":{"line":617,"column":91}},"type":"binary-expr","locations":[{"start":{"line":617,"column":32},"end":{"line":617,"column":46}},{"start":{"line":617,"column":50},"end":{"line":617,"column":85}},{"start":{"line":617,"column":90},"end":{"line":617,"column":91}}],"line":617},"54":{"loc":{"start":{"line":623,"column":19},"end":{"line":623,"column":36}},"type":"binary-expr","locations":[{"start":{"line":623,"column":19},"end":{"line":623,"column":31}},{"start":{"line":623,"column":35},"end":{"line":623,"column":36}}],"line":623},"55":{"loc":{"start":{"line":624,"column":32},"end":{"line":624,"column":62}},"type":"binary-expr","locations":[{"start":{"line":624,"column":32},"end":{"line":624,"column":57}},{"start":{"line":624,"column":61},"end":{"line":624,"column":62}}],"line":624},"56":{"loc":{"start":{"line":686,"column":4},"end":{"line":745,"column":5}},"type":"if","locations":[{"start":{"line":686,"column":4},"end":{"line":745,"column":5}},{"start":{"line":721,"column":9},"end":{"line":745,"column":5}}],"line":686},"57":{"loc":{"start":{"line":719,"column":23},"end":{"line":719,"column":83}},"type":"cond-expr","locations":[{"start":{"line":719,"column":49},"end":{"line":719,"column":60}},{"start":{"line":719,"column":63},"end":{"line":719,"column":83}}],"line":719},"58":{"loc":{"start":{"line":719,"column":23},"end":{"line":719,"column":46}},"type":"binary-expr","locations":[{"start":{"line":719,"column":23},"end":{"line":719,"column":31}},{"start":{"line":719,"column":35},"end":{"line":719,"column":46}}],"line":719},"59":{"loc":{"start":{"line":721,"column":9},"end":{"line":745,"column":5}},"type":"if","locations":[{"start":{"line":721,"column":9},"end":{"line":745,"column":5}},{"start":{},"end":{}}],"line":721},"60":{"loc":{"start":{"line":725,"column":6},"end":{"line":728,"column":7}},"type":"if","locations":[{"start":{"line":725,"column":6},"end":{"line":728,"column":7}},{"start":{},"end":{}}],"line":725},"61":{"loc":{"start":{"line":738,"column":22},"end":{"line":738,"column":100}},"type":"cond-expr","locations":[{"start":{"line":738,"column":36},"end":{"line":738,"column":40}},{"start":{"line":738,"column":43},"end":{"line":738,"column":100}}],"line":738},"62":{"loc":{"start":{"line":738,"column":43},"end":{"line":738,"column":100}},"type":"cond-expr","locations":[{"start":{"line":738,"column":57},"end":{"line":738,"column":61}},{"start":{"line":738,"column":64},"end":{"line":738,"column":100}}],"line":738},"63":{"loc":{"start":{"line":738,"column":64},"end":{"line":738,"column":100}},"type":"cond-expr","locations":[{"start":{"line":738,"column":78},"end":{"line":738,"column":82}},{"start":{"line":738,"column":85},"end":{"line":738,"column":100}}],"line":738},"64":{"loc":{"start":{"line":752,"column":4},"end":{"line":933,"column":5}},"type":"if","locations":[{"start":{"line":752,"column":4},"end":{"line":933,"column":5}},{"start":{"line":791,"column":9},"end":{"line":933,"column":5}}],"line":752},"65":{"loc":{"start":{"line":757,"column":8},"end":{"line":760,"column":9}},"type":"if","locations":[{"start":{"line":757,"column":8},"end":{"line":760,"column":9}},{"start":{},"end":{}}],"line":757},"66":{"loc":{"start":{"line":763,"column":6},"end":{"line":766,"column":7}},"type":"if","locations":[{"start":{"line":763,"column":6},"end":{"line":766,"column":7}},{"start":{},"end":{}}],"line":763},"67":{"loc":{"start":{"line":774,"column":6},"end":{"line":777,"column":7}},"type":"if","locations":[{"start":{"line":774,"column":6},"end":{"line":777,"column":7}},{"start":{},"end":{}}],"line":774},"68":{"loc":{"start":{"line":785,"column":17},"end":{"line":785,"column":47}},"type":"binary-expr","locations":[{"start":{"line":785,"column":17},"end":{"line":785,"column":27}},{"start":{"line":785,"column":31},"end":{"line":785,"column":47}}],"line":785},"69":{"loc":{"start":{"line":791,"column":9},"end":{"line":933,"column":5}},"type":"if","locations":[{"start":{"line":791,"column":9},"end":{"line":933,"column":5}},{"start":{"line":822,"column":9},"end":{"line":933,"column":5}}],"line":791},"70":{"loc":{"start":{"line":796,"column":8},"end":{"line":799,"column":9}},"type":"if","locations":[{"start":{"line":796,"column":8},"end":{"line":799,"column":9}},{"start":{},"end":{}}],"line":796},"71":{"loc":{"start":{"line":802,"column":6},"end":{"line":805,"column":7}},"type":"if","locations":[{"start":{"line":802,"column":6},"end":{"line":805,"column":7}},{"start":{},"end":{}}],"line":802},"72":{"loc":{"start":{"line":808,"column":6},"end":{"line":811,"column":7}},"type":"if","locations":[{"start":{"line":808,"column":6},"end":{"line":811,"column":7}},{"start":{},"end":{}}],"line":808},"73":{"loc":{"start":{"line":822,"column":9},"end":{"line":933,"column":5}},"type":"if","locations":[{"start":{"line":822,"column":9},"end":{"line":933,"column":5}},{"start":{"line":858,"column":9},"end":{"line":933,"column":5}}],"line":822},"74":{"loc":{"start":{"line":856,"column":23},"end":{"line":856,"column":83}},"type":"cond-expr","locations":[{"start":{"line":856,"column":49},"end":{"line":856,"column":60}},{"start":{"line":856,"column":63},"end":{"line":856,"column":83}}],"line":856},"75":{"loc":{"start":{"line":856,"column":23},"end":{"line":856,"column":46}},"type":"binary-expr","locations":[{"start":{"line":856,"column":23},"end":{"line":856,"column":31}},{"start":{"line":856,"column":35},"end":{"line":856,"column":46}}],"line":856},"76":{"loc":{"start":{"line":858,"column":9},"end":{"line":933,"column":5}},"type":"if","locations":[{"start":{"line":858,"column":9},"end":{"line":933,"column":5}},{"start":{},"end":{}}],"line":858},"77":{"loc":{"start":{"line":862,"column":8},"end":{"line":865,"column":9}},"type":"if","locations":[{"start":{"line":862,"column":8},"end":{"line":865,"column":9}},{"start":{},"end":{}}],"line":862},"78":{"loc":{"start":{"line":875,"column":8},"end":{"line":883,"column":9}},"type":"if","locations":[{"start":{"line":875,"column":8},"end":{"line":883,"column":9}},{"start":{},"end":{}}],"line":875},"79":{"loc":{"start":{"line":879,"column":10},"end":{"line":881,"column":11}},"type":"if","locations":[{"start":{"line":879,"column":10},"end":{"line":881,"column":11}},{"start":{},"end":{}}],"line":879},"80":{"loc":{"start":{"line":879,"column":14},"end":{"line":879,"column":59}},"type":"binary-expr","locations":[{"start":{"line":879,"column":14},"end":{"line":879,"column":34}},{"start":{"line":879,"column":38},"end":{"line":879,"column":59}}],"line":879},"81":{"loc":{"start":{"line":885,"column":8},"end":{"line":891,"column":9}},"type":"if","locations":[{"start":{"line":885,"column":8},"end":{"line":891,"column":9}},{"start":{},"end":{}}],"line":885},"82":{"loc":{"start":{"line":887,"column":10},"end":{"line":889,"column":11}},"type":"if","locations":[{"start":{"line":887,"column":10},"end":{"line":889,"column":11}},{"start":{},"end":{}}],"line":887},"83":{"loc":{"start":{"line":887,"column":14},"end":{"line":887,"column":59}},"type":"binary-expr","locations":[{"start":{"line":887,"column":14},"end":{"line":887,"column":34}},{"start":{"line":887,"column":38},"end":{"line":887,"column":59}}],"line":887},"84":{"loc":{"start":{"line":896,"column":8},"end":{"line":902,"column":9}},"type":"if","locations":[{"start":{"line":896,"column":8},"end":{"line":902,"column":9}},{"start":{},"end":{}}],"line":896},"85":{"loc":{"start":{"line":898,"column":10},"end":{"line":900,"column":11}},"type":"if","locations":[{"start":{"line":898,"column":10},"end":{"line":900,"column":11}},{"start":{},"end":{}}],"line":898},"86":{"loc":{"start":{"line":898,"column":14},"end":{"line":898,"column":59}},"type":"binary-expr","locations":[{"start":{"line":898,"column":14},"end":{"line":898,"column":34}},{"start":{"line":898,"column":38},"end":{"line":898,"column":59}}],"line":898},"87":{"loc":{"start":{"line":905,"column":8},"end":{"line":911,"column":9}},"type":"if","locations":[{"start":{"line":905,"column":8},"end":{"line":911,"column":9}},{"start":{},"end":{}}],"line":905},"88":{"loc":{"start":{"line":907,"column":10},"end":{"line":909,"column":11}},"type":"if","locations":[{"start":{"line":907,"column":10},"end":{"line":909,"column":11}},{"start":{},"end":{}}],"line":907},"89":{"loc":{"start":{"line":907,"column":14},"end":{"line":907,"column":59}},"type":"binary-expr","locations":[{"start":{"line":907,"column":14},"end":{"line":907,"column":34}},{"start":{"line":907,"column":38},"end":{"line":907,"column":59}}],"line":907},"90":{"loc":{"start":{"line":917,"column":8},"end":{"line":929,"column":9}},"type":"if","locations":[{"start":{"line":917,"column":8},"end":{"line":929,"column":9}},{"start":{"line":923,"column":15},"end":{"line":929,"column":9}}],"line":917},"91":{"loc":{"start":{"line":918,"column":10},"end":{"line":922,"column":11}},"type":"if","locations":[{"start":{"line":918,"column":10},"end":{"line":922,"column":11}},{"start":{"line":920,"column":17},"end":{"line":922,"column":11}}],"line":918},"92":{"loc":{"start":{"line":924,"column":10},"end":{"line":928,"column":11}},"type":"if","locations":[{"start":{"line":924,"column":10},"end":{"line":928,"column":11}},{"start":{"line":926,"column":17},"end":{"line":928,"column":11}}],"line":924}},"s":{"0":1,"1":1,"2":1,"3":1,"4":1,"5":1,"6":1,"7":1,"8":1,"9":1,"10":1,"11":1,"12":1,"13":1,"14":1,"15":1,"16":1,"17":2,"18":2,"19":2,"20":2,"21":2,"22":2,"23":0,"24":2,"25":1,"26":1,"27":1,"28":1,"29":1,"30":0,"31":1,"32":1,"33":1,"34":1,"35":1,"36":1,"37":1,"38":1,"39":1,"40":1,"41":1,"42":1,"43":1,"44":1,"45":1,"46":1,"47":1,"48":0,"49":0,"50":0,"51":0,"52":0,"53":0,"54":0,"55":0,"56":0,"57":0,"58":0,"59":0,"60":0,"61":0,"62":0,"63":0,"64":0,"65":0,"66":0,"67":0,"68":0,"69":0,"70":0,"71":0,"72":0,"73":0,"74":0,"75":0,"76":0,"77":0,"78":0,"79":0,"80":0,"81":0,"82":0,"83":0,"84":0,"85":0,"86":0,"87":0,"88":0,"89":0,"90":0,"91":0,"92":0,"93":0,"94":0,"95":0,"96":0,"97":0,"98":0,"99":0,"100":0,"101":0,"102":0,"103":0,"104":0,"105":0,"106":1,"107":1,"108":1,"109":0,"110":1,"111":1,"112":1,"113":1,"114":1,"115":0,"116":1,"117":1,"118":1,"119":1,"120":1,"121":1,"122":0,"123":0,"124":0,"125":1,"126":0,"127":0,"128":1,"129":0,"130":0,"131":1,"132":1,"133":1,"134":1,"135":1,"136":0,"137":1,"138":1,"139":1,"140":1,"141":1,"142":1,"143":1,"144":1,"145":1,"146":1,"147":1,"148":1,"149":1,"150":1,"151":1,"152":1,"153":1,"154":1,"155":1,"156":1,"157":1,"158":0,"159":0,"160":0,"161":0,"162":0,"163":0,"164":0,"165":0,"166":0,"167":0,"168":1,"169":1,"170":1,"171":1,"172":1,"173":1,"174":0,"175":0,"176":0,"177":0,"178":0,"179":0,"180":0,"181":0,"182":0,"183":0,"184":0,"185":0,"186":0,"187":0,"188":0,"189":1,"190":0,"191":0,"192":0,"193":0,"194":0,"195":0,"196":0,"197":0,"198":0,"199":0,"200":0,"201":0,"202":0,"203":0,"204":0,"205":0,"206":0,"207":0,"208":0,"209":0,"210":0,"211":0,"212":0,"213":0,"214":1,"215":1,"216":1,"217":1,"218":1,"219":1,"220":1,"221":1,"222":1,"223":1,"224":1,"225":1,"226":0,"227":0,"228":0,"229":0,"230":0,"231":0,"232":0,"233":0,"234":0,"235":0,"236":0,"237":0,"238":0,"239":1,"240":0,"241":0,"242":0,"243":0,"244":0,"245":0,"246":0,"247":0,"248":0,"249":0,"250":0,"251":0,"252":0,"253":0,"254":0,"255":0,"256":0,"257":0,"258":0,"259":0,"260":0,"261":0,"262":0,"263":0,"264":0,"265":0,"266":0,"267":0,"268":0,"269":0,"270":0,"271":0,"272":0,"273":0,"274":0,"275":0,"276":0,"277":0,"278":0,"279":0,"280":0,"281":0,"282":0,"283":0,"284":1,"285":1,"286":1,"287":1,"288":0,"289":0,"290":1,"291":1,"292":1,"293":3,"294":3,"295":3,"296":2,"297":2,"298":2,"299":2,"300":2,"301":1,"302":1,"303":1,"304":1,"305":1,"306":0,"307":0,"308":1,"309":1,"310":1,"311":2,"312":2,"313":1,"314":1,"315":10,"316":10,"317":2,"318":2,"319":2,"320":2,"321":2,"322":2,"323":0,"324":0,"325":2,"326":2,"327":2,"328":2,"329":1,"330":1,"331":1,"332":1,"333":1,"334":0,"335":8,"336":2,"337":2,"338":2,"339":2,"340":2,"341":2,"342":0,"343":0,"344":2,"345":1,"346":1,"347":1,"348":1,"349":0,"350":6,"351":1,"352":1,"353":1,"354":1,"355":1,"356":1,"357":1,"358":5,"359":5,"360":5,"361":5,"362":1,"363":1,"364":4,"365":4,"366":4,"367":4,"368":4,"369":1,"370":1,"371":1,"372":1,"373":3,"374":0,"375":0,"376":0,"377":3,"378":3,"379":3,"380":1,"381":1,"382":1,"383":2,"384":1,"385":1,"386":1,"387":1,"388":1,"389":1,"390":0,"391":1,"392":0,"393":0,"394":0,"395":0},"f":{"0":2,"1":2,"2":2,"3":1,"4":1,"5":1,"6":1,"7":0,"8":0,"9":0,"10":1,"11":1,"12":1,"13":0,"14":1,"15":0,"16":0,"17":0,"18":0,"19":0,"20":0,"21":1,"22":1,"23":1,"24":3,"25":2,"26":10,"27":1,"28":3},"b":{"0":[0,2],"1":[1,1],"2":[0,1],"3":[0,0],"4":[0,0],"5":[0,0],"6":[0,0],"7":[0,0],"8":[0,0],"9":[0,0],"10":[0,0],"11":[0,0],"12":[0,0],"13":[0,0],"14":[0,0],"15":[0,0],"16":[0,0],"17":[0,1],"18":[1,1],"19":[1,0],"20":[1,0],"21":[1,1],"22":[0,1],"23":[0,1],"24":[0,1],"25":[0,1],"26":[0,0],"27":[0,0],"28":[0,1],"29":[0,0],"30":[0,0],"31":[0,0],"32":[0,0],"33":[0,0],"34":[0,0],"35":[0,0],"36":[0,0],"37":[0,0],"38":[0,0],"39":[1,0],"40":[1,1],"41":[0,1],"42":[1,0],"43":[0,0],"44":[0,0],"45":[0,0],"46":[0,0],"47":[0,0],"48":[0,0],"49":[0,0],"50":[0,0],"51":[0,0],"52":[0,0],"53":[0,0,0],"54":[0,0],"55":[0,0],"56":[2,1],"57":[0,1],"58":[1,1],"59":[1,0],"60":[0,1],"61":[1,1],"62":[1,0],"63":[0,0],"64":[2,8],"65":[2,0],"66":[0,2],"67":[1,1],"68":[0,0],"69":[2,6],"70":[2,0],"71":[0,2],"72":[1,1],"73":[1,5],"74":[0,1],"75":[1,1],"76":[5,0],"77":[1,4],"78":[1,3],"79":[1,0],"80":[1,1],"81":[0,3],"82":[0,0],"83":[0,0],"84":[1,2],"85":[1,0],"86":[1,1],"87":[1,1],"88":[1,0],"89":[1,1],"90":[1,0],"91":[0,1],"92":[0,0]},"_coverageSchema":"1a1c01bbd47fc00a2c39e90264f33305004495a9","hash":"15f44ea6c726d2c5faf4302b566890fff8c3c256"}
,"C:\\Users\\17654\\Desktop\\All\\Code\\Discord Bots\\PumpBot_v2\\commands\\pump.js": {"path":"C:\\Users\\17654\\Desktop\\All\\Code\\Discord Bots\\PumpBot_v2\\commands\\pump.js","statementMap":{"0":{"start":{"line":1,"column":46},"end":{"line":1,"column":67}},"1":{"start":{"line":2,"column":15},"end":{"line":2,"column":32}},"2":{"start":{"line":3,"column":11},"end":{"line":3,"column":36}},"3":{"start":{"line":4,"column":15},"end":{"line":4,"column":32}},"4":{"start":{"line":5,"column":0},"end":{"line":5,"column":16}},"5":{"start":{"line":7,"column":0},"end":{"line":136,"column":2}},"6":{"start":{"line":12,"column":6},"end":{"line":22,"column":9}},"7":{"start":{"line":26,"column":4},"end":{"line":26,"column":35}},"8":{"start":{"line":28,"column":21},"end":{"line":28,"column":46}},"9":{"start":{"line":29,"column":19},"end":{"line":29,"column":38}},"10":{"start":{"line":30,"column":24},"end":{"line":30,"column":69}},"11":{"start":{"line":31,"column":17},"end":{"line":31,"column":18}},"12":{"start":{"line":33,"column":4},"end":{"line":134,"column":5}},"13":{"start":{"line":35,"column":18},"end":{"line":35,"column":28}},"14":{"start":{"line":36,"column":6},"end":{"line":41,"column":9}},"15":{"start":{"line":44,"column":23},"end":{"line":46,"column":8}},"16":{"start":{"line":48,"column":6},"end":{"line":78,"column":7}},"17":{"start":{"line":50,"column":8},"end":{"line":50,"column":19}},"18":{"start":{"line":51,"column":22},"end":{"line":51,"column":45}},"19":{"start":{"line":54,"column":30},"end":{"line":54,"column":69}},"20":{"start":{"line":57,"column":8},"end":{"line":63,"column":9}},"21":{"start":{"line":58,"column":27},"end":{"line":58,"column":62}},"22":{"start":{"line":59,"column":10},"end":{"line":62,"column":11}},"23":{"start":{"line":61,"column":12},"end":{"line":61,"column":23}},"24":{"start":{"line":66,"column":8},"end":{"line":77,"column":9}},"25":{"start":{"line":66,"column":21},"end":{"line":66,"column":22}},"26":{"start":{"line":67,"column":37},"end":{"line":67,"column":76}},"27":{"start":{"line":68,"column":34},"end":{"line":68,"column":77}},"28":{"start":{"line":70,"column":27},"end":{"line":70,"column":75}},"29":{"start":{"line":72,"column":10},"end":{"line":76,"column":11}},"30":{"start":{"line":73,"column":12},"end":{"line":73,"column":21}},"31":{"start":{"line":75,"column":12},"end":{"line":75,"column":18}},"32":{"start":{"line":81,"column":17},"end":{"line":81,"column":21}},"33":{"start":{"line":82,"column":23},"end":{"line":82,"column":25}},"34":{"start":{"line":83,"column":6},"end":{"line":85,"column":7}},"35":{"start":{"line":83,"column":19},"end":{"line":83,"column":20}},"36":{"start":{"line":84,"column":8},"end":{"line":84,"column":27}},"37":{"start":{"line":89,"column":6},"end":{"line":110,"column":7}},"38":{"start":{"line":91,"column":10},"end":{"line":91,"column":35}},"39":{"start":{"line":92,"column":10},"end":{"line":92,"column":16}},"40":{"start":{"line":94,"column":10},"end":{"line":94,"column":34}},"41":{"start":{"line":95,"column":10},"end":{"line":95,"column":16}},"42":{"start":{"line":97,"column":10},"end":{"line":97,"column":38}},"43":{"start":{"line":98,"column":10},"end":{"line":98,"column":16}},"44":{"start":{"line":100,"column":10},"end":{"line":100,"column":35}},"45":{"start":{"line":101,"column":10},"end":{"line":101,"column":16}},"46":{"start":{"line":103,"column":10},"end":{"line":103,"column":43}},"47":{"start":{"line":104,"column":10},"end":{"line":104,"column":16}},"48":{"start":{"line":106,"column":10},"end":{"line":106,"column":46}},"49":{"start":{"line":107,"column":10},"end":{"line":107,"column":16}},"50":{"start":{"line":109,"column":10},"end":{"line":109,"column":36}},"51":{"start":{"line":113,"column":27},"end":{"line":120,"column":9}},"52":{"start":{"line":123,"column":6},"end":{"line":126,"column":9}},"53":{"start":{"line":129,"column":6},"end":{"line":129,"column":27}},"54":{"start":{"line":130,"column":6},"end":{"line":133,"column":9}}},"fnMap":{"0":{"name":"(anonymous_0)","decl":{"start":{"line":11,"column":21},"end":{"line":11,"column":22}},"loc":{"start":{"line":12,"column":6},"end":{"line":22,"column":9}},"line":12},"1":{"name":"(anonymous_1)","decl":{"start":{"line":25,"column":2},"end":{"line":25,"column":3}},"loc":{"start":{"line":25,"column":29},"end":{"line":135,"column":3}},"line":25}},"branchMap":{"0":{"loc":{"start":{"line":48,"column":6},"end":{"line":78,"column":7}},"type":"if","locations":[{"start":{"line":48,"column":6},"end":{"line":78,"column":7}},{"start":{},"end":{}}],"line":48},"1":{"loc":{"start":{"line":57,"column":8},"end":{"line":63,"column":9}},"type":"if","locations":[{"start":{"line":57,"column":8},"end":{"line":63,"column":9}},{"start":{},"end":{}}],"line":57},"2":{"loc":{"start":{"line":59,"column":10},"end":{"line":62,"column":11}},"type":"if","locations":[{"start":{"line":59,"column":10},"end":{"line":62,"column":11}},{"start":{},"end":{}}],"line":59},"3":{"loc":{"start":{"line":72,"column":10},"end":{"line":76,"column":11}},"type":"if","locations":[{"start":{"line":72,"column":10},"end":{"line":76,"column":11}},{"start":{"line":74,"column":17},"end":{"line":76,"column":11}}],"line":72},"4":{"loc":{"start":{"line":89,"column":6},"end":{"line":110,"column":7}},"type":"switch","locations":[{"start":{"line":90,"column":8},"end":{"line":92,"column":16}},{"start":{"line":93,"column":8},"end":{"line":95,"column":16}},{"start":{"line":96,"column":8},"end":{"line":98,"column":16}},{"start":{"line":99,"column":8},"end":{"line":101,"column":16}},{"start":{"line":102,"column":8},"end":{"line":104,"column":16}},{"start":{"line":105,"column":8},"end":{"line":107,"column":16}},{"start":{"line":108,"column":8},"end":{"line":109,"column":36}}],"line":89},"5":{"loc":{"start":{"line":118,"column":12},"end":{"line":118,"column":35}},"type":"cond-expr","locations":[{"start":{"line":118,"column":27},"end":{"line":118,"column":29}},{"start":{"line":118,"column":32},"end":{"line":118,"column":35}}],"line":118}},"s":{"0":1,"1":1,"2":1,"3":1,"4":1,"5":1,"6":1,"7":11,"8":11,"9":11,"10":11,"11":11,"12":11,"13":11,"14":11,"15":11,"16":10,"17":9,"18":9,"19":9,"20":9,"21":0,"22":0,"23":0,"24":9,"25":9,"26":17,"27":17,"28":17,"29":17,"30":17,"31":0,"32":10,"33":10,"34":10,"35":10,"36":26,"37":10,"38":4,"39":4,"40":1,"41":1,"42":1,"43":1,"44":1,"45":1,"46":1,"47":1,"48":1,"49":1,"50":1,"51":10,"52":10,"53":1,"54":1},"f":{"0":1,"1":11},"b":{"0":[9,1],"1":[0,9],"2":[0,0],"3":[17,0],"4":[4,1,1,1,1,1,1],"5":[0,10]},"_coverageSchema":"1a1c01bbd47fc00a2c39e90264f33305004495a9","hash":"467216ad9a4faa14572e9ea11e095763657f1ea9"}
,"C:\\Users\\17654\\Desktop\\All\\Code\\Discord Bots\\PumpBot_v2\\commands\\spot.js": {"path":"C:\\Users\\17654\\Desktop\\All\\Code\\Discord Bots\\PumpBot_v2\\commands\\spot.js","statementMap":{"0":{"start":{"line":7,"column":4},"end":{"line":7,"column":25}},"1":{"start":{"line":8,"column":15},"end":{"line":8,"column":32}},"2":{"start":{"line":9,"column":15},"end":{"line":9,"column":32}},"3":{"start":{"line":10,"column":0},"end":{"line":10,"column":16}},"4":{"start":{"line":13,"column":15},"end":{"line":15,"column":2}},"5":{"start":{"line":18,"column":4},"end":{"line":34,"column":5}},"6":{"start":{"line":19,"column":27},"end":{"line":28,"column":10}},"7":{"start":{"line":30,"column":8},"end":{"line":30,"column":53}},"8":{"start":{"line":32,"column":8},"end":{"line":32,"column":29}},"9":{"start":{"line":33,"column":8},"end":{"line":33,"column":60}},"10":{"start":{"line":37,"column":0},"end":{"line":125,"column":2}},"11":{"start":{"line":43,"column":8},"end":{"line":90,"column":9}},"12":{"start":{"line":45,"column":34},"end":{"line":74,"column":17}},"13":{"start":{"line":76,"column":24},"end":{"line":76,"column":75}},"14":{"start":{"line":78,"column":12},"end":{"line":82,"column":15}},"15":{"start":{"line":85,"column":12},"end":{"line":85,"column":59}},"16":{"start":{"line":86,"column":12},"end":{"line":89,"column":15}},"17":{"start":{"line":95,"column":8},"end":{"line":123,"column":9}},"18":{"start":{"line":96,"column":12},"end":{"line":96,"column":44}},"19":{"start":{"line":98,"column":32},"end":{"line":98,"column":53}},"20":{"start":{"line":99,"column":12},"end":{"line":122,"column":13}},"21":{"start":{"line":101,"column":36},"end":{"line":101,"column":65}},"22":{"start":{"line":104,"column":37},"end":{"line":109,"column":62}},"23":{"start":{"line":111,"column":16},"end":{"line":115,"column":19}},"24":{"start":{"line":117,"column":16},"end":{"line":117,"column":37}},"25":{"start":{"line":118,"column":16},"end":{"line":121,"column":19}}},"fnMap":{"0":{"name":"getWorkout","decl":{"start":{"line":17,"column":15},"end":{"line":17,"column":25}},"loc":{"start":{"line":17,"column":32},"end":{"line":35,"column":1}},"line":17},"1":{"name":"(anonymous_1)","decl":{"start":{"line":42,"column":4},"end":{"line":42,"column":5}},"loc":{"start":{"line":42,"column":31},"end":{"line":91,"column":5}},"line":42},"2":{"name":"(anonymous_2)","decl":{"start":{"line":94,"column":4},"end":{"line":94,"column":5}},"loc":{"start":{"line":94,"column":40},"end":{"line":124,"column":5}},"line":94}},"branchMap":{"0":{"loc":{"start":{"line":95,"column":8},"end":{"line":123,"column":9}},"type":"if","locations":[{"start":{"line":95,"column":8},"end":{"line":123,"column":9}},{"start":{},"end":{}}],"line":95}},"s":{"0":1,"1":1,"2":1,"3":1,"4":1,"5":3,"6":3,"7":3,"8":0,"9":0,"10":1,"11":2,"12":2,"13":2,"14":2,"15":1,"16":1,"17":4,"18":3,"19":3,"20":3,"21":3,"22":3,"23":3,"24":0,"25":0},"f":{"0":3,"1":2,"2":4},"b":{"0":[3,1]},"_coverageSchema":"1a1c01bbd47fc00a2c39e90264f33305004495a9","hash":"72f30c3d7a5c1d0d9d610e9294502ed3c115d387"}
,"C:\\Users\\17654\\Desktop\\All\\Code\\Discord Bots\\PumpBot_v2\\db\\postgres.js": {"path":"C:\\Users\\17654\\Desktop\\All\\Code\\Discord Bots\\PumpBot_v2\\db\\postgres.js","statementMap":{"0":{"start":{"line":1,"column":17},"end":{"line":1,"column":30}},"1":{"start":{"line":2,"column":15},"end":{"line":2,"column":32}},"2":{"start":{"line":4,"column":0},"end":{"line":4,"column":16}},"3":{"start":{"line":7,"column":23},"end":{"line":7,"column":47}},"4":{"start":{"line":10,"column":0},"end":{"line":18,"column":1}},"5":{"start":{"line":11,"column":4},"end":{"line":11,"column":60}},"6":{"start":{"line":12,"column":4},"end":{"line":12,"column":48}},"7":{"start":{"line":15,"column":5},"end":{"line":18,"column":1}},"8":{"start":{"line":16,"column":4},"end":{"line":16,"column":50}},"9":{"start":{"line":17,"column":4},"end":{"line":17,"column":81}},"10":{"start":{"line":21,"column":13},"end":{"line":26,"column":2}},"11":{"start":{"line":29,"column":0},"end":{"line":35,"column":3}},"12":{"start":{"line":30,"column":4},"end":{"line":34,"column":5}},"13":{"start":{"line":31,"column":8},"end":{"line":31,"column":65}},"14":{"start":{"line":33,"column":8},"end":{"line":33,"column":77}},"15":{"start":{"line":44,"column":18},"end":{"line":44,"column":28}},"16":{"start":{"line":45,"column":16},"end":{"line":45,"column":46}},"17":{"start":{"line":46,"column":21},"end":{"line":46,"column":39}},"18":{"start":{"line":47,"column":4},"end":{"line":47,"column":74}},"19":{"start":{"line":48,"column":4},"end":{"line":48,"column":15}},"20":{"start":{"line":56,"column":19},"end":{"line":56,"column":39}},"21":{"start":{"line":57,"column":18},"end":{"line":57,"column":30}},"22":{"start":{"line":58,"column":20},"end":{"line":58,"column":34}},"23":{"start":{"line":61,"column":20},"end":{"line":64,"column":12}},"24":{"start":{"line":62,"column":8},"end":{"line":62,"column":69}},"25":{"start":{"line":63,"column":8},"end":{"line":63,"column":74}},"26":{"start":{"line":67,"column":4},"end":{"line":70,"column":6}},"27":{"start":{"line":68,"column":8},"end":{"line":68,"column":32}},"28":{"start":{"line":69,"column":8},"end":{"line":69,"column":41}},"29":{"start":{"line":73,"column":4},"end":{"line":76,"column":6}},"30":{"start":{"line":74,"column":8},"end":{"line":74,"column":30}},"31":{"start":{"line":75,"column":8},"end":{"line":75,"column":37}},"32":{"start":{"line":78,"column":4},"end":{"line":78,"column":18}},"33":{"start":{"line":87,"column":52},"end":{"line":87,"column":59}},"34":{"start":{"line":90,"column":83},"end":{"line":90,"column":90}},"35":{"start":{"line":92,"column":17},"end":{"line":96,"column":5}},"36":{"start":{"line":97,"column":19},"end":{"line":97,"column":92}},"37":{"start":{"line":99,"column":4},"end":{"line":105,"column":5}},"38":{"start":{"line":100,"column":20},"end":{"line":100,"column":45}},"39":{"start":{"line":101,"column":8},"end":{"line":101,"column":27}},"40":{"start":{"line":103,"column":8},"end":{"line":103,"column":57}},"41":{"start":{"line":104,"column":8},"end":{"line":104,"column":20}},"42":{"start":{"line":115,"column":63},"end":{"line":115,"column":70}},"43":{"start":{"line":117,"column":15},"end":{"line":120,"column":5}},"44":{"start":{"line":121,"column":19},"end":{"line":121,"column":29}},"45":{"start":{"line":124,"column":4},"end":{"line":127,"column":5}},"46":{"start":{"line":125,"column":8},"end":{"line":125,"column":60}},"47":{"start":{"line":126,"column":8},"end":{"line":126,"column":33}},"48":{"start":{"line":130,"column":4},"end":{"line":130,"column":64}},"49":{"start":{"line":133,"column":4},"end":{"line":133,"column":43}},"50":{"start":{"line":134,"column":4},"end":{"line":134,"column":23}},"51":{"start":{"line":136,"column":4},"end":{"line":142,"column":5}},"52":{"start":{"line":137,"column":20},"end":{"line":137,"column":45}},"53":{"start":{"line":138,"column":8},"end":{"line":138,"column":24}},"54":{"start":{"line":140,"column":8},"end":{"line":140,"column":61}},"55":{"start":{"line":141,"column":8},"end":{"line":141,"column":20}},"56":{"start":{"line":152,"column":4},"end":{"line":170,"column":5}},"57":{"start":{"line":154,"column":18},"end":{"line":154,"column":86}},"58":{"start":{"line":156,"column":8},"end":{"line":164,"column":9}},"59":{"start":{"line":158,"column":31},"end":{"line":162,"column":13}},"60":{"start":{"line":163,"column":12},"end":{"line":163,"column":62}},"61":{"start":{"line":166,"column":8},"end":{"line":166,"column":27}},"62":{"start":{"line":168,"column":8},"end":{"line":168,"column":70}},"63":{"start":{"line":169,"column":8},"end":{"line":169,"column":20}},"64":{"start":{"line":180,"column":24},"end":{"line":180,"column":104}},"65":{"start":{"line":181,"column":19},"end":{"line":181,"column":84}},"66":{"start":{"line":181,"column":56},"end":{"line":181,"column":83}},"67":{"start":{"line":183,"column":4},"end":{"line":185,"column":5}},"68":{"start":{"line":184,"column":8},"end":{"line":184,"column":53}},"69":{"start":{"line":188,"column":22},"end":{"line":193,"column":17}},"70":{"start":{"line":189,"column":8},"end":{"line":191,"column":9}},"71":{"start":{"line":190,"column":12},"end":{"line":190,"column":61}},"72":{"start":{"line":192,"column":8},"end":{"line":192,"column":38}},"73":{"start":{"line":195,"column":17},"end":{"line":200,"column":5}},"74":{"start":{"line":202,"column":19},"end":{"line":210,"column":6}},"75":{"start":{"line":203,"column":8},"end":{"line":205,"column":9}},"76":{"start":{"line":204,"column":12},"end":{"line":204,"column":50}},"77":{"start":{"line":206,"column":8},"end":{"line":208,"column":9}},"78":{"start":{"line":207,"column":12},"end":{"line":207,"column":44}},"79":{"start":{"line":209,"column":8},"end":{"line":209,"column":30}},"80":{"start":{"line":211,"column":4},"end":{"line":211,"column":24}},"81":{"start":{"line":213,"column":4},"end":{"line":219,"column":5}},"82":{"start":{"line":214,"column":20},"end":{"line":214,"column":45}},"83":{"start":{"line":215,"column":8},"end":{"line":215,"column":27}},"84":{"start":{"line":217,"column":8},"end":{"line":217,"column":59}},"85":{"start":{"line":218,"column":8},"end":{"line":218,"column":20}},"86":{"start":{"line":228,"column":17},"end":{"line":233,"column":5}},"87":{"start":{"line":235,"column":4},"end":{"line":241,"column":5}},"88":{"start":{"line":236,"column":20},"end":{"line":236,"column":46}},"89":{"start":{"line":237,"column":8},"end":{"line":237,"column":24}},"90":{"start":{"line":239,"column":8},"end":{"line":239,"column":59}},"91":{"start":{"line":240,"column":8},"end":{"line":240,"column":20}},"92":{"start":{"line":244,"column":0},"end":{"line":253,"column":2}}},"fnMap":{"0":{"name":"(anonymous_0)","decl":{"start":{"line":29,"column":27},"end":{"line":29,"column":28}},"loc":{"start":{"line":29,"column":41},"end":{"line":35,"column":1}},"line":29},"1":{"name":"query","decl":{"start":{"line":43,"column":15},"end":{"line":43,"column":20}},"loc":{"start":{"line":43,"column":35},"end":{"line":49,"column":1}},"line":43},"2":{"name":"getClient","decl":{"start":{"line":55,"column":15},"end":{"line":55,"column":24}},"loc":{"start":{"line":55,"column":27},"end":{"line":79,"column":1}},"line":55},"3":{"name":"(anonymous_3)","decl":{"start":{"line":61,"column":31},"end":{"line":61,"column":32}},"loc":{"start":{"line":61,"column":37},"end":{"line":64,"column":5}},"line":61},"4":{"name":"(anonymous_4)","decl":{"start":{"line":67,"column":19},"end":{"line":67,"column":20}},"loc":{"start":{"line":67,"column":32},"end":{"line":70,"column":5}},"line":67},"5":{"name":"(anonymous_5)","decl":{"start":{"line":73,"column":21},"end":{"line":73,"column":22}},"loc":{"start":{"line":73,"column":27},"end":{"line":76,"column":5}},"line":73},"6":{"name":"insertWorkout","decl":{"start":{"line":86,"column":15},"end":{"line":86,"column":28}},"loc":{"start":{"line":86,"column":38},"end":{"line":106,"column":1}},"line":86},"7":{"name":"getUserWorkouts","decl":{"start":{"line":114,"column":15},"end":{"line":114,"column":30}},"loc":{"start":{"line":114,"column":55},"end":{"line":143,"column":1}},"line":114},"8":{"name":"getOrCreateGameStats","decl":{"start":{"line":151,"column":15},"end":{"line":151,"column":35}},"loc":{"start":{"line":151,"column":54},"end":{"line":171,"column":1}},"line":151},"9":{"name":"updateGameStats","decl":{"start":{"line":179,"column":15},"end":{"line":179,"column":30}},"loc":{"start":{"line":179,"column":48},"end":{"line":220,"column":1}},"line":179},"10":{"name":"(anonymous_10)","decl":{"start":{"line":181,"column":47},"end":{"line":181,"column":48}},"loc":{"start":{"line":181,"column":56},"end":{"line":181,"column":83}},"line":181},"11":{"name":"(anonymous_11)","decl":{"start":{"line":188,"column":33},"end":{"line":188,"column":34}},"loc":{"start":{"line":188,"column":47},"end":{"line":193,"column":5}},"line":188},"12":{"name":"(anonymous_12)","decl":{"start":{"line":202,"column":30},"end":{"line":202,"column":31}},"loc":{"start":{"line":202,"column":39},"end":{"line":210,"column":5}},"line":202},"13":{"name":"getLeaderboard","decl":{"start":{"line":227,"column":15},"end":{"line":227,"column":29}},"loc":{"start":{"line":227,"column":42},"end":{"line":242,"column":1}},"line":227}},"branchMap":{"0":{"loc":{"start":{"line":10,"column":0},"end":{"line":18,"column":1}},"type":"if","locations":[{"start":{"line":10,"column":0},"end":{"line":18,"column":1}},{"start":{"line":15,"column":5},"end":{"line":18,"column":1}}],"line":10},"1":{"loc":{"start":{"line":10,"column":4},"end":{"line":10,"column":73}},"type":"binary-expr","locations":[{"start":{"line":10,"column":4},"end":{"line":10,"column":35}},{"start":{"line":10,"column":39},"end":{"line":10,"column":73}}],"line":10},"2":{"loc":{"start":{"line":15,"column":5},"end":{"line":18,"column":1}},"type":"if","locations":[{"start":{"line":15,"column":5},"end":{"line":18,"column":1}},{"start":{},"end":{}}],"line":15},"3":{"loc":{"start":{"line":17,"column":23},"end":{"line":17,"column":80}},"type":"binary-expr","locations":[{"start":{"line":17,"column":23},"end":{"line":17,"column":52}},{"start":{"line":17,"column":56},"end":{"line":17,"column":80}}],"line":17},"4":{"loc":{"start":{"line":23,"column":9},"end":{"line":25,"column":5}},"type":"cond-expr","locations":[{"start":{"line":23,"column":35},"end":{"line":23,"column":40}},{"start":{"line":23,"column":43},"end":{"line":25,"column":5}}],"line":23},"5":{"loc":{"start":{"line":30,"column":4},"end":{"line":34,"column":5}},"type":"if","locations":[{"start":{"line":30,"column":4},"end":{"line":34,"column":5}},{"start":{"line":32,"column":11},"end":{"line":34,"column":5}}],"line":30},"6":{"loc":{"start":{"line":114,"column":41},"end":{"line":114,"column":53}},"type":"default-arg","locations":[{"start":{"line":114,"column":51},"end":{"line":114,"column":53}}],"line":114},"7":{"loc":{"start":{"line":115,"column":12},"end":{"line":115,"column":23}},"type":"default-arg","locations":[{"start":{"line":115,"column":20},"end":{"line":115,"column":23}}],"line":115},"8":{"loc":{"start":{"line":115,"column":25},"end":{"line":115,"column":38}},"type":"default-arg","locations":[{"start":{"line":115,"column":32},"end":{"line":115,"column":38}}],"line":115},"9":{"loc":{"start":{"line":115,"column":40},"end":{"line":115,"column":58}},"type":"default-arg","locations":[{"start":{"line":115,"column":54},"end":{"line":115,"column":58}}],"line":115},"10":{"loc":{"start":{"line":124,"column":4},"end":{"line":127,"column":5}},"type":"if","locations":[{"start":{"line":124,"column":4},"end":{"line":127,"column":5}},{"start":{},"end":{}}],"line":124},"11":{"loc":{"start":{"line":130,"column":30},"end":{"line":130,"column":61}},"type":"cond-expr","locations":[{"start":{"line":130,"column":47},"end":{"line":130,"column":52}},{"start":{"line":130,"column":55},"end":{"line":130,"column":61}}],"line":130},"12":{"loc":{"start":{"line":156,"column":8},"end":{"line":164,"column":9}},"type":"if","locations":[{"start":{"line":156,"column":8},"end":{"line":164,"column":9}},{"start":{},"end":{}}],"line":156},"13":{"loc":{"start":{"line":183,"column":4},"end":{"line":185,"column":5}},"type":"if","locations":[{"start":{"line":183,"column":4},"end":{"line":185,"column":5}},{"start":{},"end":{}}],"line":183},"14":{"loc":{"start":{"line":189,"column":8},"end":{"line":191,"column":9}},"type":"if","locations":[{"start":{"line":189,"column":8},"end":{"line":191,"column":9}},{"start":{},"end":{}}],"line":189},"15":{"loc":{"start":{"line":203,"column":8},"end":{"line":205,"column":9}},"type":"if","locations":[{"start":{"line":203,"column":8},"end":{"line":205,"column":9}},{"start":{},"end":{}}],"line":203},"16":{"loc":{"start":{"line":206,"column":8},"end":{"line":208,"column":9}},"type":"if","locations":[{"start":{"line":206,"column":8},"end":{"line":208,"column":9}},{"start":{},"end":{}}],"line":206},"17":{"loc":{"start":{"line":227,"column":30},"end":{"line":227,"column":40}},"type":"default-arg","locations":[{"start":{"line":227,"column":38},"end":{"line":227,"column":40}}],"line":227}},"s":{"0":4,"1":4,"2":4,"3":4,"4":4,"5":0,"6":0,"7":4,"8":4,"9":4,"10":4,"11":4,"12":0,"13":0,"14":0,"15":14,"16":14,"17":9,"18":9,"19":9,"20":0,"21":0,"22":0,"23":0,"24":0,"25":0,"26":0,"27":0,"28":0,"29":0,"30":0,"31":0,"32":0,"33":2,"34":2,"35":2,"36":2,"37":2,"38":2,"39":1,"40":1,"41":1,"42":3,"43":3,"44":3,"45":3,"46":0,"47":0,"48":3,"49":3,"50":3,"51":3,"52":3,"53":2,"54":1,"55":1,"56":3,"57":3,"58":2,"59":1,"60":1,"61":2,"62":1,"63":1,"64":2,"65":2,"66":5,"67":2,"68":0,"69":2,"70":5,"71":0,"72":5,"73":2,"74":2,"75":5,"76":0,"77":5,"78":1,"79":4,"80":2,"81":2,"82":2,"83":1,"84":1,"85":1,"86":3,"87":3,"88":3,"89":2,"90":1,"91":1,"92":4},"f":{"0":0,"1":14,"2":0,"3":0,"4":0,"5":0,"6":2,"7":3,"8":3,"9":2,"10":5,"11":5,"12":5,"13":3},"b":{"0":[0,4],"1":[4,4],"2":[4,0],"3":[4,4],"4":[4,0],"5":[0,0],"6":[1],"7":[3],"8":[1],"9":[3],"10":[0,3],"11":[1,2],"12":[1,1],"13":[0,2],"14":[0,5],"15":[0,5],"16":[1,4],"17":[2]},"_coverageSchema":"1a1c01bbd47fc00a2c39e90264f33305004495a9","hash":"5f42e50298d43059c496a9e1b72afe80dcc7c1e9"}
}
