TN:
SF:commands\logchop.js
FN:69,generateGameId
FN:74,createGame
FN:91,addPlayer
FN:96,(anonymous_3)
FN:118,startGame
FN:138,(anonymous_5)
FN:169,startGameLoop
FN:170,(anonymous_7)
FN:233,updateGameState
FN:247,(anonymous_9)
FN:295,playerSwing
FN:296,(anonymous_11)
FN:307,(anonymous_12)
FN:308,(anonymous_13)
FN:348,renderGame
FN:439,(anonymous_15)
FN:493,(anonymous_16)
FN:509,endGame
FN:517,(anonymous_18)
FN:520,(anonymous_19)
FN:586,saveGameScores
FN:642,getLogchopLeaderboard
FN:668,(anonymous_22)
FN:673,(anonymous_23)
FN:681,(anonymous_24)
FN:737,(anonymous_25)
FN:749,(anonymous_26)
FN:780,(anonymous_27)
FN:894,(anonymous_28)
FNF:29
FNH:19
FNDA:2,generateGameId
FNDA:2,createGame
FNDA:2,addPlayer
FNDA:1,(anonymous_3)
FNDA:1,startGame
FNDA:1,(anonymous_5)
FNDA:1,startGameLoop
FNDA:0,(anonymous_7)
FNDA:0,updateGameState
FNDA:0,(anonymous_9)
FNDA:1,playerSwing
FNDA:1,(anonymous_11)
FNDA:1,(anonymous_12)
FNDA:0,(anonymous_13)
FNDA:1,renderGame
FNDA:0,(anonymous_15)
FNDA:0,(anonymous_16)
FNDA:0,endGame
FNDA:0,(anonymous_18)
FNDA:0,(anonymous_19)
FNDA:0,saveGameScores
FNDA:1,getLogchopLeaderboard
FNDA:1,(anonymous_22)
FNDA:1,(anonymous_23)
FNDA:3,(anonymous_24)
FNDA:2,(anonymous_25)
FNDA:10,(anonymous_26)
FNDA:1,(anonymous_27)
FNDA:3,(anonymous_28)
DA:8,1
DA:9,1
DA:10,1
DA:11,1
DA:12,1
DA:15,1
DA:16,1
DA:17,1
DA:18,1
DA:19,1
DA:20,1
DA:21,1
DA:22,1
DA:23,1
DA:24,1
DA:25,1
DA:28,1
DA:70,2
DA:75,2
DA:76,2
DA:86,2
DA:87,2
DA:92,2
DA:93,0
DA:96,2
DA:97,1
DA:100,1
DA:114,1
DA:119,1
DA:120,0
DA:123,1
DA:124,1
DA:127,1
DA:128,1
DA:131,1
DA:138,1
DA:139,1
DA:147,1
DA:148,1
DA:149,1
DA:150,1
DA:154,1
DA:160,1
DA:163,1
DA:165,1
DA:170,1
DA:172,0
DA:173,0
DA:174,0
DA:175,0
DA:176,0
DA:180,0
DA:183,0
DA:184,0
DA:185,0
DA:187,0
DA:193,0
DA:195,0
DA:196,0
DA:197,0
DA:199,0
DA:202,0
DA:203,0
DA:204,0
DA:208,0
DA:209,0
DA:215,0
DA:217,0
DA:218,0
DA:221,0
DA:222,0
DA:223,0
DA:227,0
DA:235,0
DA:236,0
DA:237,0
DA:241,0
DA:242,0
DA:247,0
DA:250,0
DA:252,0
DA:253,0
DA:254,0
DA:257,0
DA:258,0
DA:259,0
DA:260,0
DA:261,0
DA:262,0
DA:265,0
DA:277,0
DA:278,0
DA:282,0
DA:283,0
DA:284,0
DA:285,0
DA:286,0
DA:287,0
DA:288,0
DA:296,1
DA:297,1
DA:299,1
DA:302,1
DA:303,1
DA:306,1
DA:307,1
DA:308,0
DA:310,1
DA:312,1
DA:314,1
DA:315,1
DA:316,1
DA:319,1
DA:320,0
DA:321,0
DA:322,0
DA:324,1
DA:325,0
DA:326,0
DA:328,1
DA:329,0
DA:330,0
DA:333,1
DA:334,1
DA:337,1
DA:338,1
DA:340,1
DA:344,0
DA:349,1
DA:350,1
DA:353,1
DA:354,1
DA:357,1
DA:358,1
DA:359,1
DA:362,1
DA:363,1
DA:364,1
DA:365,1
DA:366,1
DA:369,1
DA:370,1
DA:371,1
DA:374,1
DA:375,1
DA:376,1
DA:377,1
DA:380,1
DA:381,0
DA:382,0
DA:385,0
DA:386,0
DA:387,0
DA:388,0
DA:389,0
DA:390,0
DA:391,0
DA:393,0
DA:397,1
DA:398,1
DA:402,1
DA:403,1
DA:404,1
DA:407,1
DA:408,0
DA:409,0
DA:410,0
DA:411,0
DA:413,0
DA:414,0
DA:416,0
DA:417,0
DA:418,0
DA:421,0
DA:422,0
DA:423,0
DA:428,1
DA:429,0
DA:431,0
DA:432,0
DA:435,0
DA:436,0
DA:439,0
DA:440,0
DA:442,0
DA:443,0
DA:446,0
DA:447,0
DA:450,0
DA:451,0
DA:452,0
DA:453,0
DA:454,0
DA:456,0
DA:457,0
DA:458,0
DA:463,1
DA:464,1
DA:465,1
DA:467,1
DA:468,1
DA:470,1
DA:471,1
DA:475,1
DA:476,1
DA:477,1
DA:478,1
DA:482,1
DA:484,0
DA:485,0
DA:488,0
DA:489,0
DA:490,0
DA:493,0
DA:496,0
DA:497,0
DA:498,0
DA:499,0
DA:500,0
DA:505,1
DA:510,0
DA:511,0
DA:514,0
DA:517,0
DA:520,0
DA:521,0
DA:522,0
DA:526,0
DA:532,0
DA:537,0
DA:540,0
DA:541,0
DA:542,0
DA:543,0
DA:550,0
DA:556,0
DA:559,0
DA:560,0
DA:565,0
DA:570,0
DA:571,0
DA:572,0
DA:574,0
DA:578,0
DA:580,0
DA:581,0
DA:588,0
DA:589,0
DA:590,0
DA:593,0
DA:595,0
DA:596,0
DA:597,0
DA:601,0
DA:602,0
DA:604,0
DA:606,0
DA:614,0
DA:621,0
DA:622,0
DA:629,0
DA:631,0
DA:635,0
DA:643,1
DA:645,1
DA:655,1
DA:656,1
DA:658,0
DA:660,0
DA:664,1
DA:669,1
DA:674,1
DA:682,3
DA:684,3
DA:686,3
DA:688,2
DA:699,2
DA:705,2
DA:710,2
DA:712,2
DA:718,1
DA:719,1
DA:721,1
DA:723,1
DA:725,1
DA:726,0
DA:727,0
DA:730,1
DA:735,1
DA:737,1
DA:738,2
DA:739,2
DA:742,1
DA:744,1
DA:750,10
DA:752,10
DA:754,2
DA:756,2
DA:757,2
DA:758,2
DA:759,2
DA:763,2
DA:764,0
DA:765,0
DA:769,2
DA:770,2
DA:772,2
DA:774,2
DA:775,1
DA:776,1
DA:780,1
DA:782,1
DA:789,0
DA:791,8
DA:793,2
DA:795,2
DA:796,2
DA:797,2
DA:798,2
DA:802,2
DA:803,0
DA:804,0
DA:808,2
DA:809,1
DA:810,1
DA:814,1
DA:817,1
DA:820,0
DA:822,6
DA:824,1
DA:835,1
DA:841,1
DA:846,1
DA:848,1
DA:855,1
DA:856,1
DA:858,5
DA:859,5
DA:861,5
DA:862,5
DA:863,1
DA:864,1
DA:867,4
DA:868,4
DA:870,4
DA:873,4
DA:875,4
DA:876,1
DA:879,1
DA:880,1
DA:882,1
DA:885,3
DA:887,0
DA:888,0
DA:890,0
DA:894,3
DA:896,3
DA:898,1
DA:899,1
DA:901,1
DA:905,2
DA:907,1
DA:908,1
DA:910,1
DA:914,1
DA:917,1
DA:918,1
DA:919,0
DA:921,1
DA:924,0
DA:925,0
DA:927,0
DA:931,0
LF:373
LH:196
BRDA:92,0,0,0
BRDA:92,0,1,2
BRDA:96,1,0,1
BRDA:96,1,1,1
BRDA:119,2,0,0
BRDA:119,2,1,1
BRDA:173,3,0,0
BRDA:173,3,1,0
BRDA:195,4,0,0
BRDA:195,4,1,0
BRDA:197,5,0,0
BRDA:197,5,1,0
BRDA:217,6,0,0
BRDA:217,6,1,0
BRDA:217,7,0,0
BRDA:217,7,1,0
BRDA:236,8,0,0
BRDA:236,8,1,0
BRDA:241,9,0,0
BRDA:241,9,1,0
BRDA:252,10,0,0
BRDA:252,10,1,0
BRDA:258,11,0,0
BRDA:258,11,1,0
BRDA:260,12,0,0
BRDA:260,12,1,0
BRDA:261,13,0,0
BRDA:261,13,1,0
BRDA:262,14,0,0
BRDA:262,14,1,0
BRDA:283,15,0,0
BRDA:283,15,1,0
BRDA:285,16,0,0
BRDA:285,16,1,0
BRDA:297,17,0,0
BRDA:297,17,1,1
BRDA:307,18,0,1
BRDA:307,18,1,1
BRDA:310,19,0,1
BRDA:310,19,1,0
BRDA:312,20,0,1
BRDA:312,20,1,0
BRDA:312,21,0,1
BRDA:312,21,1,1
BRDA:319,22,0,0
BRDA:319,22,1,1
BRDA:324,23,0,0
BRDA:324,23,1,1
BRDA:328,24,0,0
BRDA:328,24,1,1
BRDA:380,25,0,0
BRDA:380,25,1,1
BRDA:385,26,0,0
BRDA:385,26,1,0
BRDA:387,27,0,0
BRDA:387,27,1,0
BRDA:407,28,0,0
BRDA:407,28,1,1
BRDA:409,29,0,0
BRDA:409,29,1,0
BRDA:410,30,0,0
BRDA:410,30,1,0
BRDA:411,31,0,0
BRDA:411,31,1,0
BRDA:429,32,0,0
BRDA:429,32,1,0
BRDA:442,33,0,0
BRDA:442,33,1,0
BRDA:442,34,0,0
BRDA:442,34,1,0
BRDA:450,35,0,0
BRDA:450,35,1,0
BRDA:452,36,0,0
BRDA:452,36,1,0
BRDA:453,37,0,0
BRDA:453,37,1,0
BRDA:454,38,0,0
BRDA:454,38,1,0
BRDA:463,39,0,1
BRDA:463,39,1,0
BRDA:463,40,0,1
BRDA:463,40,1,1
BRDA:482,41,0,0
BRDA:482,41,1,1
BRDA:482,42,0,1
BRDA:482,42,1,0
BRDA:499,43,0,0
BRDA:499,43,1,0
BRDA:499,44,0,0
BRDA:499,44,1,0
BRDA:499,45,0,0
BRDA:499,45,1,0
BRDA:521,46,0,0
BRDA:521,46,1,0
BRDA:521,47,0,0
BRDA:521,47,1,0
BRDA:521,48,0,0
BRDA:521,48,1,0
BRDA:541,49,0,0
BRDA:541,49,1,0
BRDA:588,50,0,0
BRDA:588,50,1,0
BRDA:588,51,0,0
BRDA:588,51,1,0
BRDA:615,52,0,0
BRDA:615,52,1,0
BRDA:617,53,0,0
BRDA:617,53,1,0
BRDA:617,53,2,0
BRDA:623,54,0,0
BRDA:623,54,1,0
BRDA:624,55,0,0
BRDA:624,55,1,0
BRDA:686,56,0,2
BRDA:686,56,1,1
BRDA:719,57,0,0
BRDA:719,57,1,1
BRDA:719,58,0,1
BRDA:719,58,1,1
BRDA:721,59,0,1
BRDA:721,59,1,0
BRDA:725,60,0,0
BRDA:725,60,1,1
BRDA:738,61,0,1
BRDA:738,61,1,1
BRDA:738,62,0,1
BRDA:738,62,1,0
BRDA:738,63,0,0
BRDA:738,63,1,0
BRDA:752,64,0,2
BRDA:752,64,1,8
BRDA:757,65,0,2
BRDA:757,65,1,0
BRDA:763,66,0,0
BRDA:763,66,1,2
BRDA:774,67,0,1
BRDA:774,67,1,1
BRDA:785,68,0,0
BRDA:785,68,1,0
BRDA:791,69,0,2
BRDA:791,69,1,6
BRDA:796,70,0,2
BRDA:796,70,1,0
BRDA:802,71,0,0
BRDA:802,71,1,2
BRDA:808,72,0,1
BRDA:808,72,1,1
BRDA:822,73,0,1
BRDA:822,73,1,5
BRDA:856,74,0,0
BRDA:856,74,1,1
BRDA:856,75,0,1
BRDA:856,75,1,1
BRDA:858,76,0,5
BRDA:858,76,1,0
BRDA:862,77,0,1
BRDA:862,77,1,4
BRDA:875,78,0,1
BRDA:875,78,1,3
BRDA:879,79,0,1
BRDA:879,79,1,0
BRDA:879,80,0,1
BRDA:879,80,1,1
BRDA:885,81,0,0
BRDA:885,81,1,3
BRDA:887,82,0,0
BRDA:887,82,1,0
BRDA:887,83,0,0
BRDA:887,83,1,0
BRDA:896,84,0,1
BRDA:896,84,1,2
BRDA:898,85,0,1
BRDA:898,85,1,0
BRDA:898,86,0,1
BRDA:898,86,1,1
BRDA:905,87,0,1
BRDA:905,87,1,1
BRDA:907,88,0,1
BRDA:907,88,1,0
BRDA:907,89,0,1
BRDA:907,89,1,1
BRDA:917,90,0,1
BRDA:917,90,1,0
BRDA:918,91,0,0
BRDA:918,91,1,1
BRDA:924,92,0,0
BRDA:924,92,1,0
BRF:187
BRH:69
end_of_record
TN:
SF:commands\pump.js
FN:11,(anonymous_0)
FN:25,(anonymous_1)
FNF:2
FNH:2
FNDA:1,(anonymous_0)
FNDA:11,(anonymous_1)
DA:1,1
DA:2,1
DA:3,1
DA:4,1
DA:5,1
DA:7,1
DA:12,1
DA:26,11
DA:28,11
DA:29,11
DA:30,11
DA:31,11
DA:33,11
DA:35,11
DA:36,11
DA:44,11
DA:48,10
DA:50,9
DA:51,9
DA:54,9
DA:57,9
DA:58,0
DA:59,0
DA:61,0
DA:66,9
DA:67,17
DA:68,17
DA:70,17
DA:72,17
DA:73,17
DA:75,0
DA:81,10
DA:82,10
DA:83,10
DA:84,26
DA:89,10
DA:91,4
DA:92,4
DA:94,1
DA:95,1
DA:97,1
DA:98,1
DA:100,1
DA:101,1
DA:103,1
DA:104,1
DA:106,1
DA:107,1
DA:109,1
DA:113,10
DA:123,10
DA:129,1
DA:130,1
LF:53
LH:49
BRDA:48,0,0,9
BRDA:48,0,1,1
BRDA:57,1,0,0
BRDA:57,1,1,9
BRDA:59,2,0,0
BRDA:59,2,1,0
BRDA:72,3,0,17
BRDA:72,3,1,0
BRDA:89,4,0,4
BRDA:89,4,1,1
BRDA:89,4,2,1
BRDA:89,4,3,1
BRDA:89,4,4,1
BRDA:89,4,5,1
BRDA:89,4,6,1
BRDA:118,5,0,0
BRDA:118,5,1,10
BRF:17
BRH:12
end_of_record
TN:
SF:commands\spot.js
FN:17,getWorkout
FN:42,(anonymous_1)
FN:94,(anonymous_2)
FNF:3
FNH:3
FNDA:3,getWorkout
FNDA:2,(anonymous_1)
FNDA:4,(anonymous_2)
DA:7,1
DA:8,1
DA:9,1
DA:10,1
DA:13,1
DA:18,3
DA:19,3
DA:30,3
DA:32,0
DA:33,0
DA:37,1
DA:43,2
DA:45,2
DA:76,2
DA:78,2
DA:85,1
DA:86,1
DA:95,4
DA:96,3
DA:98,3
DA:99,3
DA:101,3
DA:104,3
DA:111,3
DA:117,0
DA:118,0
LF:26
LH:22
BRDA:95,0,0,3
BRDA:95,0,1,1
BRF:2
BRH:2
end_of_record
TN:
SF:db\postgres.js
FN:29,(anonymous_0)
FN:43,query
FN:55,getClient
FN:61,(anonymous_3)
FN:67,(anonymous_4)
FN:73,(anonymous_5)
FN:86,insertWorkout
FN:114,getUserWorkouts
FN:151,getOrCreateGameStats
FN:179,updateGameStats
FN:181,(anonymous_10)
FN:188,(anonymous_11)
FN:202,(anonymous_12)
FN:227,getLeaderboard
FNF:14
FNH:9
FNDA:0,(anonymous_0)
FNDA:14,query
FNDA:0,getClient
FNDA:0,(anonymous_3)
FNDA:0,(anonymous_4)
FNDA:0,(anonymous_5)
FNDA:2,insertWorkout
FNDA:3,getUserWorkouts
FNDA:3,getOrCreateGameStats
FNDA:2,updateGameStats
FNDA:5,(anonymous_10)
FNDA:5,(anonymous_11)
FNDA:5,(anonymous_12)
FNDA:3,getLeaderboard
DA:1,4
DA:2,4
DA:4,4
DA:7,4
DA:10,4
DA:11,0
DA:12,0
DA:15,4
DA:16,4
DA:17,4
DA:21,4
DA:29,4
DA:30,0
DA:31,0
DA:33,0
DA:44,14
DA:45,14
DA:46,9
DA:47,9
DA:48,9
DA:56,0
DA:57,0
DA:58,0
DA:61,0
DA:62,0
DA:63,0
DA:67,0
DA:68,0
DA:69,0
DA:73,0
DA:74,0
DA:75,0
DA:78,0
DA:87,2
DA:90,2
DA:92,2
DA:97,2
DA:99,2
DA:100,2
DA:101,1
DA:103,1
DA:104,1
DA:115,3
DA:117,3
DA:121,3
DA:124,3
DA:125,0
DA:126,0
DA:130,3
DA:133,3
DA:134,3
DA:136,3
DA:137,3
DA:138,2
DA:140,1
DA:141,1
DA:152,3
DA:154,3
DA:156,2
DA:158,1
DA:163,1
DA:166,2
DA:168,1
DA:169,1
DA:180,2
DA:181,5
DA:183,2
DA:184,0
DA:188,2
DA:189,5
DA:190,0
DA:192,5
DA:195,2
DA:202,2
DA:203,5
DA:204,0
DA:206,5
DA:207,1
DA:209,4
DA:211,2
DA:213,2
DA:214,2
DA:215,1
DA:217,1
DA:218,1
DA:228,3
DA:235,3
DA:236,3
DA:237,2
DA:239,1
DA:240,1
DA:244,4
LF:92
LH:69
BRDA:10,0,0,0
BRDA:10,0,1,4
BRDA:10,1,0,4
BRDA:10,1,1,4
BRDA:15,2,0,4
BRDA:15,2,1,0
BRDA:17,3,0,4
BRDA:17,3,1,4
BRDA:23,4,0,4
BRDA:23,4,1,0
BRDA:30,5,0,0
BRDA:30,5,1,0
BRDA:114,6,0,1
BRDA:115,7,0,3
BRDA:115,8,0,1
BRDA:115,9,0,3
BRDA:124,10,0,0
BRDA:124,10,1,3
BRDA:130,11,0,1
BRDA:130,11,1,2
BRDA:156,12,0,1
BRDA:156,12,1,1
BRDA:183,13,0,0
BRDA:183,13,1,2
BRDA:189,14,0,0
BRDA:189,14,1,5
BRDA:203,15,0,0
BRDA:203,15,1,5
BRDA:206,16,0,1
BRDA:206,16,1,4
BRDA:227,17,0,2
BRF:31
BRH:22
end_of_record
